****************************************************************************
***                          Sentaurus Process                           ***
***                        Version O-2018.06-SP2                         ***
***                       (1.1346, x86_64, Linux)                        ***
***                                                                      ***
***                       Copyright (C) 1993-2002                        ***
***          The board of regents of the University of Florida           ***
***                       Copyright (C) 1994-2018                        ***
***                            Synopsys, Inc.                            ***
***                                                                      ***
***  This software and the associated documentation are confidential     ***
***  and proprietary to Synopsys, Inc.  Your use or disclosure of this   ***
***  software is subject to the terms and conditions of a written        ***
***  license agreement between you, or your company, and Synopsys, Inc.  ***
****************************************************************************

Compiled Tue Oct 23 21:32:52 PDT 2018 on tcadprod10

      Started at: Tue Mar 31 17:33:15 2020 (CEST)
       User name: ywellerdick
       Host name: hogthrob.ewa.e-technik.tu-dortmund.de
             PID: 174982
    Architecture: x86_64
Operating system: Linux rel. 3.10.0-1062.12.1.el7.x86_64 ver. #1 SMP Tue Feb 4 23:02:59 UTC 2020

------------------------------------------------------------------------------
Checking syntax of n1_fps.cmd:

** Warning **
The recommended AdvancedCalibration sets of models and parameters are not used.
These models and parameters can be selected using the command: 
    AdvancedCalibration <version number>
where <version number> is the version number.
If you would like to suppress this message, please set <version number> to "Off" and include the command in your simulation. !
 ... continuing execution


Syntax check complete.
------------------------------------------------------------------------------

Starting Tcl interpreter with inputfile: n1_fps.cmd
            sprocess: Checked Out

Loading models file: /opt/synopsys/sentaurus/O_2018.06-SP2/tcad/current/lib/sprocess-28.0.1346/TclLib/SPROCESS.models... done.
------------------------------------------------------------------- math -----
math coord.ucs
------------------------------------------------------------------------------
------------------------------------------------------------------- math -----
math numThreads= 8
------------------------------------------------------------------------------
------------------------------------------------------------------- line -----
line X location= 0.00e+00<um> spacing= 0.500<nm> tag= "Top"
------------------------------------------------------------------------------
------------------------------------------------------------------- line -----
line X location= 0.100<um> spacing= 0.500<um> tag= "OxTop"
------------------------------------------------------------------------------
------------------------------------------------------------------- line -----
line X location= 0.200<um> spacing= 0.500<um> tag= "SiTop"
------------------------------------------------------------------------------
------------------------------------------------------------------- line -----
line X location= 0.400<um> spacing= 0.800<um> tag= "Bottom"
------------------------------------------------------------------------------
------------------------------------------------------------------- line -----
line Y location= 0.00e+00<um> spacing= 50.00<nm> tag= "Left"
------------------------------------------------------------------------------
------------------------------------------------------------------- line -----
line Y location= 0.860<um> spacing= 50.00<nm> tag= "Right"
------------------------------------------------------------------------------
----------------------------------------------------------------- region -----
region xlo= "SiTop" xhi= "Bottom" ylo= "Left" yhi= "Right" Silicon
------------------------------------------------------------------------------
----------------------------------------------------------------- region -----
region xlo= "OxTop" xhi= "SiTop" ylo= "Left" yhi= "Right" Oxide
------------------------------------------------------------------------------
----------------------------------------------------------------- region -----
region xlo= "Top" xhi= "OxTop" ylo= "Left" yhi= "Right" Silicon field= "Phosphorus" concentration= 1.00e+15<cm-3>
------------------------------------------------------------------------------
------------------------------------------------------------------- init -----
init wafer.orient= {100.00} !DelayFullD
------------------------------------------------------------------------------
          sprocess2d: Checked Out

Creating structure...
Recreating refinements to take into account updated simulation dimension.
Done recreating refinements.


Points: 252
Nodes: 324
Edges: 761
Faces: 442
Volumes: 0

----------------------------------------------------------------- struct -----
struct tdr= "n1_1_BOX"
------------------------------------------------------------------------------
Points: 252
Nodes: 324
Edges: 761
Faces: 442
Volumes: 0

Writing file n1_1_BOX_fps.tdr...done


Gas not found in structure, adding.
Generating SnMesh mesh... 
           sparallel: Checked Out

Sentaurus Mesh thread count = 8

=================================  brep2d quality  =====================================
minAngle: 90  [near (0.4 0)] at region=Silicon_1
nVerts = 178  nTris = 181  nRegs = 6
bmin: 0.4 0
bmax: -0.1 0.86
min area: 0.000526925  max area: 0.1  min edge length : 0.000526925
total area  : 5.3 interface area: 2.58
total volume: 0.817
Conformal? true
Are all boundaries on bbox? true
==================================================================================
           sparallel: Returned
SnMesh time: 0.086789

========================  tri-grid quality (Gas excluded)  =======================
    0  10  20  30  40  50  60  70  80  90 100 110 120 130 140 150 160 170 180
 %   15   7   2   3   1   1   3   2   7  43                                
---------------------------------------------------------------------------------
minAngle: 0.596768  maxAngle: 90
nVerts = 882  nTris = 1632  nMats = 4
max connectivity (tris per node): 6
bmin: 0.4 0
bmax: -0.1 0.86
min edgeLength: 0.000526925  [near (0.0992096 0.101177)]
min volume: 1.33281e-05  max volume: 0.00252941  Total volume: 0.344
bbox  volume: 0.43
Are all boundaries on bbox? true
=================================================================================

Smallest region: Oxide_1  Total volume: 0.086
Initializing sprocess...time: 0.015312
Interpolating...threads=8...elapsed time: 0.01

** Warning **
The recommended AdvancedCalibration sets of models and parameters are not used.
These models and parameters can be selected using the command: 
    AdvancedCalibration <version number>
where <version number> is the version number.
If you would like to suppress this message, please set <version number> to "Off" and include the command in your simulation. !
 ... continuing execution

---------------------------------------------------------------- diffuse -----
diffuse time= 30.00<min> temperature= 500.00<C> LTE epi.thickness= 0.500<um> epi.doping.final= {     Boron= 1.00e+15<cm-3>}
------------------------------------------------------------------------------
Number of partition levels < 2. Using single thread for the assembly.
           sparallel: Checked Out

sprocess parallel assembly thread count = 8
Interpolating...threads=8...elapsed time: 0.01
---- ---- ---- ---- ---- ---- ---- ---- ---- ---- ---- ---- ---- ---- ---- ---
Anneal step:	
	Time        = 30min
	Temperature = 500.0C
	Ramp rate   = 0C/s
Epitaxy  :         0s   to    0.0001s   step    :    0.0001s   temp: 500.0C
Mechanics:         0s   to    0.0001s   step    :    0.0001s   temp: 500.0C
sprocess ILS thread count = 1
--- --- --- --- --- --- --- --- --- --- --- --- --- --- --- --- --- --- --- --
Initializing:  
--- --- --- --- --- --- --- --- --- --- --- --- --- --- --- --- --- --- --- --
Initialization is done.
--- --- --- --- --- --- --- --- --- --- --- --- --- --- --- --- --- --- --- --
Diffusion:         0s   to    0.0001s   step (s):    0.0001s   temp: 500.0C
Epitaxy  :    0.0001s   to    0.0003s   step    :    0.0002s   temp: 500.0C
Mechanics:    0.0001s   to    0.0003s   step    :    0.0002s   temp: 500.0C
Diffusion:    0.0001s   to    0.0003s   step (s):    0.0002s   temp: 500.0C
Epitaxy  :    0.0003s   to    0.0007s   step    :    0.0004s   temp: 500.0C
Mechanics:    0.0003s   to    0.0007s   step    :    0.0004s   temp: 500.0C
Diffusion:    0.0003s   to    0.0007s   step (s):    0.0004s   temp: 500.0C
Epitaxy  :    0.0007s   to    0.0015s   step    :    0.0008s   temp: 500.0C
Mechanics:    0.0007s   to    0.0015s   step    :    0.0008s   temp: 500.0C
Diffusion:    0.0007s   to    0.0015s   step (s):    0.0008s   temp: 500.0C
Epitaxy  :    0.0015s   to    0.0031s   step    :    0.0016s   temp: 500.0C
Mechanics:    0.0015s   to    0.0031s   step    :    0.0016s   temp: 500.0C
Diffusion:    0.0015s   to    0.0031s   step (s):    0.0016s   temp: 500.0C
Epitaxy  :    0.0031s   to    0.0063s   step    :    0.0032s   temp: 500.0C
Mechanics:    0.0031s   to    0.0063s   step    :    0.0032s   temp: 500.0C
Diffusion:    0.0031s   to    0.0063s   step (s):    0.0032s   temp: 500.0C
Epitaxy  :    0.0063s   to    0.0127s   step    :    0.0064s   temp: 500.0C
Mechanics:    0.0063s   to    0.0127s   step    :    0.0064s   temp: 500.0C
Diffusion:    0.0063s   to    0.0127s   step (s):    0.0064s   temp: 500.0C
Epitaxy  :    0.0127s   to    0.0255s   step    :    0.0128s   temp: 500.0C
Mechanics:    0.0127s   to    0.0255s   step    :    0.0128s   temp: 500.0C
Diffusion:    0.0127s   to    0.0255s   step (s):    0.0128s   temp: 500.0C
Epitaxy  :    0.0255s   to    0.0511s   step    :    0.0256s   temp: 500.0C
Mechanics:    0.0255s   to    0.0511s   step    :    0.0256s   temp: 500.0C
Diffusion:    0.0255s   to    0.0511s   step (s):    0.0256s   temp: 500.0C
Epitaxy  :    0.0511s   to    0.1023s   step    :    0.0512s   temp: 500.0C
Mechanics:    0.0511s   to    0.1023s   step    :    0.0512s   temp: 500.0C
Diffusion:    0.0511s   to    0.1023s   step (s):    0.0512s   temp: 500.0C
Epitaxy  :    0.1023s   to    0.2047s   step    :    0.1024s   temp: 500.0C
Mechanics:    0.1023s   to    0.2047s   step    :    0.1024s   temp: 500.0C
Diffusion:    0.1023s   to    0.2047s   step (s):    0.1024s   temp: 500.0C
Epitaxy  :    0.2047s   to    0.4095s   step    :    0.2048s   temp: 500.0C
Mechanics:    0.2047s   to    0.4095s   step    :    0.2048s   temp: 500.0C
Diffusion:    0.2047s   to    0.4095s   step (s):    0.2048s   temp: 500.0C
Epitaxy  :    0.4095s   to    0.8191s   step    :    0.4096s   temp: 500.0C
Mechanics:    0.4095s   to    0.8191s   step    :    0.4096s   temp: 500.0C
Diffusion:    0.4095s   to    0.8191s   step (s):    0.4096s   temp: 500.0C
Epitaxy  :    0.8191s   to     1.638s   step    :    0.8192s   temp: 500.0C
Mechanics:    0.8191s   to     1.638s   step    :    0.8192s   temp: 500.0C
Diffusion:    0.8191s   to     1.638s   step (s):    0.8192s   temp: 500.0C
Epitaxy  :     1.638s   to     3.277s   step    :     1.638s   temp: 500.0C
Mechanics:     1.638s   to     3.277s   step    :     1.638s   temp: 500.0C
Diffusion:     1.638s   to     3.277s   step (s):     1.638s   temp: 500.0C
Epitaxy  :     3.277s   to     6.553s   step    :     3.277s   temp: 500.0C
Mechanics:     3.277s   to     6.553s   step    :     3.277s   temp: 500.0C
Diffusion:     3.277s   to     6.553s   step (s):     3.277s   temp: 500.0C
Epitaxy  :     6.554s   to     13.11s   step    :     6.554s   temp: 500.0C
Mechanics:     6.554s   to     13.11s   step    :     6.554s   temp: 500.0C
Diffusion:     6.554s   to     13.11s   step (s):     6.554s   temp: 500.0C
Epitaxy  :     13.11s   to     26.21s   step    :     13.11s   temp: 500.0C
Mechanics:     13.11s   to     26.21s   step    :     13.11s   temp: 500.0C
Diffusion:     13.11s   to     26.21s   step (s):     13.11s   temp: 500.0C
Epitaxy  :     26.21s   to     52.43s   step    :     26.21s   temp: 500.0C
Mechanics:     26.21s   to     52.43s   step    :     26.21s   temp: 500.0C
Diffusion:     26.21s   to     52.43s   step (s):     26.21s   temp: 500.0C
Epitaxy  :     52.43s   to     1.586min step    :     42.75s   temp: 500.0C
Mechanics:     52.43s   to     1.586min step    :     42.75s   temp: 500.0C
Interpolating...threads=8...elapsed time: 0.01
Diffusion:     52.43s   to     1.586min step (s):     42.75s   temp: 500.0C
Epitaxy  :     1.586min to     2.299min step    :     42.75s   temp: 500.0C
Mechanics:     1.586min to     2.299min step    :     42.75s   temp: 500.0C
Interpolating...threads=8...elapsed time: 0.01
Diffusion:     1.586min to     2.299min step (s):     42.75s   temp: 500.0C
Epitaxy  :     2.299min to     3.011min step    :     42.75s   temp: 500.0C
Mechanics:     2.299min to     3.011min step    :     42.75s   temp: 500.0C
Interpolating...threads=8...elapsed time: 0.01
Diffusion:     2.299min to     3.011min step (s):     42.75s   temp: 500.0C
Epitaxy  :     3.011min to     3.724min step    :     42.75s   temp: 500.0C
Mechanics:     3.011min to     3.724min step    :     42.75s   temp: 500.0C
Interpolating...threads=8...elapsed time: 0.01
Diffusion:     3.011min to     3.724min step (s):     42.75s   temp: 500.0C
Epitaxy  :     3.724min to     4.436min step    :     42.75s   temp: 500.0C
Mechanics:     3.724min to     4.436min step    :     42.75s   temp: 500.0C
Interpolating...threads=8...elapsed time: 0.01
Diffusion:     3.724min to     4.436min step (s):     42.75s   temp: 500.0C
Epitaxy  :     4.436min to     5.149min step    :     42.75s   temp: 500.0C
Mechanics:     4.436min to     5.149min step    :     42.75s   temp: 500.0C
Interpolating...threads=8...elapsed time: 0.01
Diffusion:     4.436min to     5.149min step (s):     42.75s   temp: 500.0C
Epitaxy  :     5.149min to     5.861min step    :     42.75s   temp: 500.0C
Mechanics:     5.149min to     5.861min step    :     42.75s   temp: 500.0C
Interpolating...threads=8...elapsed time: 0.02
Diffusion:     5.149min to     5.861min step (s):     42.75s   temp: 500.0C
Epitaxy  :     5.861min to     6.574min step    :     42.75s   temp: 500.0C
Mechanics:     5.861min to     6.574min step    :     42.75s   temp: 500.0C
Interpolating...threads=8...elapsed time: 0.01
Diffusion:     5.861min to     6.574min step (s):     42.75s   temp: 500.0C
Epitaxy  :     6.574min to     7.286min step    :     42.75s   temp: 500.0C
Mechanics:     6.574min to     7.286min step    :     42.75s   temp: 500.0C
Interpolating...threads=8...elapsed time: 0.01
Diffusion:     6.574min to     7.286min step (s):     42.75s   temp: 500.0C
Epitaxy  :     7.286min to     7.999min step    :     42.75s   temp: 500.0C
Mechanics:     7.286min to     7.999min step    :     42.75s   temp: 500.0C
Interpolating...threads=8...elapsed time: 0.01
Diffusion:     7.286min to     7.999min step (s):     42.75s   temp: 500.0C
Epitaxy  :     7.999min to     8.711min step    :     42.75s   temp: 500.0C
Mechanics:     7.999min to     8.711min step    :     42.75s   temp: 500.0C
Interpolating...threads=8...elapsed time: 0.01
Diffusion:     7.999min to     8.711min step (s):     42.75s   temp: 500.0C
Epitaxy  :     8.711min to     9.424min step    :     42.75s   temp: 500.0C
Mechanics:     8.711min to     9.424min step    :     42.75s   temp: 500.0C
Interpolating...threads=8...elapsed time: 0.01
Diffusion:     8.711min to     9.424min step (s):     42.75s   temp: 500.0C
Epitaxy  :     9.424min to     10.14min step    :     42.75s   temp: 500.0C
Mechanics:     9.424min to     10.14min step    :     42.75s   temp: 500.0C
Interpolating...threads=8...elapsed time: 0.01
Diffusion:     9.424min to     10.14min step (s):     42.75s   temp: 500.0C
Epitaxy  :     10.14min to     10.85min step    :     42.75s   temp: 500.0C
Mechanics:     10.14min to     10.85min step    :     42.75s   temp: 500.0C
Interpolating...threads=8...elapsed time: 0.01
Diffusion:     10.14min to     10.85min step (s):     42.75s   temp: 500.0C
Epitaxy  :     10.85min to     11.56min step    :     42.75s   temp: 500.0C
Mechanics:     10.85min to     11.56min step    :     42.75s   temp: 500.0C
Interpolating...threads=8...elapsed time: 0.01
Diffusion:     10.85min to     11.56min step (s):     42.75s   temp: 500.0C
Epitaxy  :     11.56min to     12.27min step    :     42.75s   temp: 500.0C
Mechanics:     11.56min to     12.27min step    :     42.75s   temp: 500.0C
Interpolating...threads=8...elapsed time: 0.02
Diffusion:     11.56min to     12.27min step (s):     42.75s   temp: 500.0C
Epitaxy  :     12.27min to     12.99min step    :     42.75s   temp: 500.0C
Mechanics:     12.27min to     12.99min step    :     42.75s   temp: 500.0C
Interpolating...threads=8...elapsed time: 0.01
Diffusion:     12.27min to     12.99min step (s):     42.75s   temp: 500.0C
Epitaxy  :     12.99min to      13.7min step    :     42.75s   temp: 500.0C
Mechanics:     12.99min to      13.7min step    :     42.75s   temp: 500.0C
Interpolating...threads=8...elapsed time: 0.01
Diffusion:     12.99min to      13.7min step (s):     42.75s   temp: 500.0C
Epitaxy  :      13.7min to     14.41min step    :     42.75s   temp: 500.0C
Mechanics:      13.7min to     14.41min step    :     42.75s   temp: 500.0C
Interpolating...threads=8...elapsed time: 0.01
Diffusion:      13.7min to     14.41min step (s):     42.75s   temp: 500.0C
Epitaxy  :     14.41min to     15.12min step    :     42.75s   temp: 500.0C
Mechanics:     14.41min to     15.12min step    :     42.75s   temp: 500.0C
Interpolating...threads=8...elapsed time: 0.01
Diffusion:     14.41min to     15.12min step (s):     42.75s   temp: 500.0C
Epitaxy  :     15.12min to     15.84min step    :     42.75s   temp: 500.0C
Mechanics:     15.12min to     15.84min step    :     42.75s   temp: 500.0C
Interpolating...threads=8...elapsed time: 0.01
Diffusion:     15.12min to     15.84min step (s):     42.75s   temp: 500.0C
Epitaxy  :     15.84min to     16.55min step    :     42.75s   temp: 500.0C
Mechanics:     15.84min to     16.55min step    :     42.75s   temp: 500.0C
Interpolating...threads=8...elapsed time: 0.02
Diffusion:     15.84min to     16.55min step (s):     42.75s   temp: 500.0C
Epitaxy  :     16.55min to     17.26min step    :     42.75s   temp: 500.0C
Mechanics:     16.55min to     17.26min step    :     42.75s   temp: 500.0C
Interpolating...threads=8...elapsed time: 0.02
Diffusion:     16.55min to     17.26min step (s):     42.75s   temp: 500.0C
Epitaxy  :     17.26min to     17.97min step    :     42.75s   temp: 500.0C
Mechanics:     17.26min to     17.97min step    :     42.75s   temp: 500.0C
Interpolating...threads=8...elapsed time: 0.02
Diffusion:     17.26min to     17.97min step (s):     42.75s   temp: 500.0C
Epitaxy  :     17.97min to     18.69min step    :     42.75s   temp: 500.0C
Mechanics:     17.97min to     18.69min step    :     42.75s   temp: 500.0C
Interpolating...threads=8...elapsed time: 0.02
Diffusion:     17.97min to     18.69min step (s):     42.75s   temp: 500.0C
Epitaxy  :     18.69min to      19.4min step    :     42.75s   temp: 500.0C
Mechanics:     18.69min to      19.4min step    :     42.75s   temp: 500.0C
Interpolating...threads=8...elapsed time: 0.01
Diffusion:     18.69min to      19.4min step (s):     42.75s   temp: 500.0C
Epitaxy  :      19.4min to     20.11min step    :     42.75s   temp: 500.0C
Mechanics:      19.4min to     20.11min step    :     42.75s   temp: 500.0C
Interpolating...threads=8...elapsed time: 0.02
Diffusion:      19.4min to     20.11min step (s):     42.75s   temp: 500.0C
Epitaxy  :     20.11min to     20.82min step    :     42.75s   temp: 500.0C
Mechanics:     20.11min to     20.82min step    :     42.75s   temp: 500.0C
Interpolating...threads=8...elapsed time: 0.01
Diffusion:     20.11min to     20.82min step (s):     42.75s   temp: 500.0C
Epitaxy  :     20.82min to     21.54min step    :     42.75s   temp: 500.0C
Mechanics:     20.82min to     21.54min step    :     42.75s   temp: 500.0C
Interpolating...threads=8...elapsed time: 0.02
Diffusion:     20.82min to     21.54min step (s):     42.75s   temp: 500.0C
Epitaxy  :     21.54min to     22.25min step    :     42.75s   temp: 500.0C
Mechanics:     21.54min to     22.25min step    :     42.75s   temp: 500.0C
Interpolating...threads=8...elapsed time: 0.01
Diffusion:     21.54min to     22.25min step (s):     42.75s   temp: 500.0C
Epitaxy  :     22.25min to     22.96min step    :     42.75s   temp: 500.0C
Mechanics:     22.25min to     22.96min step    :     42.75s   temp: 500.0C
Interpolating...threads=8...elapsed time: 0.01
Diffusion:     22.25min to     22.96min step (s):     42.75s   temp: 500.0C
Epitaxy  :     22.96min to     23.67min step    :     42.75s   temp: 500.0C
Mechanics:     22.96min to     23.67min step    :     42.75s   temp: 500.0C
Interpolating...threads=8...elapsed time: 0.01
Diffusion:     22.96min to     23.67min step (s):     42.75s   temp: 500.0C
Epitaxy  :     23.67min to     24.39min step    :     42.75s   temp: 500.0C
Mechanics:     23.67min to     24.39min step    :     42.75s   temp: 500.0C
Interpolating...threads=8...elapsed time: 0.02
Diffusion:     23.67min to     24.39min step (s):     42.75s   temp: 500.0C
Epitaxy  :     24.39min to      25.1min step    :     42.75s   temp: 500.0C
Mechanics:     24.39min to      25.1min step    :     42.75s   temp: 500.0C
Interpolating...threads=8...elapsed time: 0.02
Diffusion:     24.39min to      25.1min step (s):     42.75s   temp: 500.0C
Epitaxy  :      25.1min to     25.81min step    :     42.75s   temp: 500.0C
Mechanics:      25.1min to     25.81min step    :     42.75s   temp: 500.0C
Interpolating...threads=8...elapsed time: 0.01
Diffusion:      25.1min to     25.81min step (s):     42.75s   temp: 500.0C
Epitaxy  :     25.81min to     26.52min step    :     42.75s   temp: 500.0C
Mechanics:     25.81min to     26.52min step    :     42.75s   temp: 500.0C
Interpolating...threads=8...elapsed time: 0.02
Diffusion:     25.81min to     26.52min step (s):     42.75s   temp: 500.0C
Epitaxy  :     26.52min to     27.24min step    :     42.75s   temp: 500.0C
Mechanics:     26.52min to     27.24min step    :     42.75s   temp: 500.0C
Interpolating...threads=8...elapsed time: 0.02
Diffusion:     26.52min to     27.24min step (s):     42.75s   temp: 500.0C
Epitaxy  :     27.24min to     27.95min step    :     42.75s   temp: 500.0C
Mechanics:     27.24min to     27.95min step    :     42.75s   temp: 500.0C
Interpolating...threads=8...elapsed time: 0.02
Diffusion:     27.24min to     27.95min step (s):     42.75s   temp: 500.0C
Epitaxy  :     27.95min to     28.66min step    :     42.75s   temp: 500.0C
Mechanics:     27.95min to     28.66min step    :     42.75s   temp: 500.0C
Interpolating...threads=8...elapsed time: 0.02
Diffusion:     27.95min to     28.66min step (s):     42.75s   temp: 500.0C
Epitaxy  :     28.66min to     29.33min step    :     40.16s   temp: 500.0C
Mechanics:     28.66min to     29.33min step    :     40.16s   temp: 500.0C
Interpolating...threads=8...elapsed time: 0.02
Diffusion:     28.66min to     29.33min step (s):     40.16s   temp: 500.0C
Epitaxy  :     29.33min to        30min step    :     40.16s   temp: 500.0C
Mechanics:     29.33min to        30min step    :     40.16s   temp: 500.0C
Interpolating...threads=8...elapsed time: 0.02
Diffusion:     29.33min to        30min step (s):     40.16s   temp: 500.0C

Elapsed time for diffuse 53.68s
           sparallel: Returned
----------------------------------------------------------------- struct -----
struct tdr= "n1_2_Epi"
------------------------------------------------------------------------------
Points: 1496
Nodes: 1604
Edges: 4403
Faces: 2806
Volumes: 0

Writing file n1_2_Epi_fps.tdr...done

------------------------------------------------------------------- mask -----
mask name= "DTI_mask" left= 0.0600<um> right= 0.800<um>
------------------------------------------------------------------------------
------------------------------------------------------------------- etch -----
etch mask= "DTI_mask" type= "anisotropic" thickness= 0.750<um> material= {Silicon}
------------------------------------------------------------------------------
           sparallel: Checked Out

MGoals thread count = 8
           sparallel: Returned
MGoals time: 0.122735

Updating sprocess mesh before Etch/Depo relax.
Generating SnMesh mesh... 
           sparallel: Checked Out


=================================  brep2d quality  =====================================
minAngle: 90  [near (0.2 0.86)] at region=Oxide_1
nVerts = 322  nTris = 325  nRegs = 7
bmin: 0.4 0
bmax: -2.5 0.86
min area: 0.000526925  max area: 0.625  min edge length : 0.000526925
total area  : 11.18 interface area: 3.66
total volume: 2.044
Conformal? true
Are all boundaries on bbox? true
==================================================================================
           sparallel: Returned
SnMesh time: 0.205006

========================  tri-grid quality (Gas excluded)  =======================
    0  10  20  30  40  50  60  70  80  90 100 110 120 130 140 150 160 170 180
 %    8   5   3   3   2   2   3   3   5  29                                
---------------------------------------------------------------------------------
minAngle: 0.0269542  maxAngle: 90.6702
nVerts = 2955  nTris = 5744  nMats = 4
max connectivity (tris per node): 8
bmin: 0.4 0
bmax: -2.5 0.86
min edgeLength: 7.35063e-05  [near (-0.488281 0.799963)]
min volume: 4.48647e-09  max volume: 0.00395221  Total volume: 0.702
bbox  volume: 2.494
Are all boundaries on bbox? true
=================================================================================

Smallest region: Oxide_1  Total volume: 0.086
Initializing sprocess...time: 0.074086
Interpolating...threads=8...elapsed time: 0.06
           sparallel: Checked Out

sprocess ILS thread count = 8
Mechanics:         0s   to         1s   step    :         1s   temp: 26.9C->26.9C
           sparallel: Returned
           sparallel: Checked Out

           sparallel: Returned

---------------------------------------------------------------- deposit -----
deposit type= "anisotropic" thickness= 0.750<um> material= {Oxide} mask= "DTI_mask"
------------------------------------------------------------------------------
           sparallel: Checked Out

