****************************************************************************
***                           Sentaurus Device                           ***
***                        Version O-2018.06-SP2                         ***
***                       (1.1346, x86_64, Linux)                        ***
***                                                                      ***
***                       Copyright (C) 1994-2018                        ***
***                            Synopsys, Inc.                            ***
***                                                                      ***
***  This software and the associated documentation are confidential     ***
***  and proprietary to Synopsys, Inc.  Your use or disclosure of this   ***
***  software is subject to the terms and conditions of a written        ***
***  license agreement between you, or your company, and Synopsys, Inc.  ***
****************************************************************************

	Running on machine with the following configuration:
	Host Name: hogthrob.ewa.e-technik.tu-dortmund.de
	Operating System: Linux rel. 3.10.0-1127.8.2.el7.x86_64 ver. #1 SMP Tue May 12 16:57:42 UTC 2020
	Machine Type: x86_64
	Process ID: 276089
	Number of processors: 48
	Domain Name: (none)
	Date: Thu Jun 11 00:04:30 2020  (CEST)


Command line: '--threads 1' not supported for S-Device yet !

Parsing "/opt/synopsys/sentaurus/O_2018.06-SP2/tcad/current/lib/Molefraction.txt"
Thu Jun 11 00:04:31 2020: checked out 1 sdevice license(s)
Parsing circuit file /opt/synopsys/sentaurus/O_2018.06-SP2/tcad/current/linux64/lib/sdevice-28.0.1346/sd_hb_vsource2.ccf
Parsing circuit file /opt/synopsys/sentaurus/O_2018.06-SP2/tcad/current/linux64/lib/sdevice-28.0.1346/sd_hb_vsource.ccf
Parsing circuit file /opt/synopsys/sentaurus/O_2018.06-SP2/tcad/current/linux64/lib/sdevice-28.0.1346/sd_SRL1.ccf
Parsing circuit file /opt/synopsys/sentaurus/O_2018.06-SP2/tcad/current/linux64/lib/sdevice-28.0.1346/sd_hb_isource2.ccf
Parsing circuit file /opt/synopsys/sentaurus/O_2018.06-SP2/tcad/current/linux64/lib/sdevice-28.0.1346/sd_hb_sRL.ccf
Parsing circuit file /opt/synopsys/sentaurus/O_2018.06-SP2/tcad/current/linux64/lib/sdevice-28.0.1346/sd_hb_isource.ccf
Parsing circuit file /opt/synopsys/sentaurus/O_2018.06-SP2/tcad/current/linux64/lib/sdevice-28.0.1346/bs_psource.ccf
Parsing circuit file /opt/synopsys/sentaurus/O_2018.06-SP2/tcad/current/linux64/lib/sdevice-28.0.1346/sd_hb_pGC.ccf
Parsing circuit file /opt/synopsys/sentaurus/O_2018.06-SP2/tcad/current/linux64/lib/scm/ferroelectric.ccf
Parsing circuit file /opt/synopsys/sentaurus/O_2018.06-SP2/tcad/current/linux64/lib/scm/MOS_harness.ccf
Loading shared object file /opt/synopsys/sentaurus/O_2018.06-SP2/tcad/current/linux64/lib/scm/MOS_harness.so.linux64
Loading shared object file /opt/synopsys/sentaurus/O_2018.06-SP2/tcad/current/linux64/lib/scm/ferroelectric.so.linux64
Loading shared object file /opt/synopsys/sentaurus/O_2018.06-SP2/tcad/current/linux64/lib/sdevice-28.0.1346/sd_hb_pGC.so.linux64
Loading shared object file /opt/synopsys/sentaurus/O_2018.06-SP2/tcad/current/linux64/lib/sdevice-28.0.1346/bs_psource.so.linux64
Loading shared object file /opt/synopsys/sentaurus/O_2018.06-SP2/tcad/current/linux64/lib/sdevice-28.0.1346/sd_hb_isource.so.linux64
Loading shared object file /opt/synopsys/sentaurus/O_2018.06-SP2/tcad/current/linux64/lib/sdevice-28.0.1346/sd_hb_sRL.so.linux64
Loading shared object file /opt/synopsys/sentaurus/O_2018.06-SP2/tcad/current/linux64/lib/sdevice-28.0.1346/sd_hb_isource2.so.linux64
Loading shared object file /opt/synopsys/sentaurus/O_2018.06-SP2/tcad/current/linux64/lib/sdevice-28.0.1346/sd_SRL1.so.linux64
Loading shared object file /opt/synopsys/sentaurus/O_2018.06-SP2/tcad/current/linux64/lib/sdevice-28.0.1346/sd_hb_vsource.so.linux64
Loading shared object file /opt/synopsys/sentaurus/O_2018.06-SP2/tcad/current/linux64/lib/sdevice-28.0.1346/sd_hb_vsource2.so.linux64

Input source: pp5_des.cmd

===============================

Output file: n5_des.log


GlobalParameter {
}
no ACExtract file

PMIPath file: /opt/synopsys/sentaurus/O_2018.06-SP2/tcad/current/linux64/lib/sdevice-28.0.1346 /opt/synopsys/sentaurus/O_2018.06-SP2/tcad/current/linux64/lib/sdevice

CMIPath file: /opt/synopsys/sentaurus/O_2018.06-SP2/tcad/current/linux64/lib/sdevice-28.0.1346 /opt/synopsys/sentaurus/O_2018.06-SP2/tcad/current/linux64/lib/scm

SPICEPath file: /opt/synopsys/sentaurus/O_2018.06-SP2/tcad/current/lib/sdevice-28.0.1346/spice

no DevicePath file

no CIRCUITSAVENAME file

no CIRCUITLOADNAME file

Numerical parameters:
  Absolute error : 
    Poisson : 1.0000e-03
    eqPoisson : 1.0000e-03
    Electron : 1.0000e-05
    Hole : 1.0000e-05
    Photon-Rate-Equation : 1.0000e-07
    Photon-Phase-Equation : 1.0000e-05
    Rate-Stabilize-Equation : 1.0000e-07
    QW-Scattering-Equations : 1.0000e-05
    QW-eScattering-Equation : 1.0000e-05
    QW-hScattering-Equation : 1.0000e-05
    Optical Problem : 1.0000e-03
    Wavelength : 1.0000e-03
    Bandstructure : 1.0000e-03
    EmissionTable : 1.0000e-03
    DephasingRates : 1.0000e-03
    Photon Recycling : 1.0000e-03
    Electron-Temperature : 1.0000e-04
    Hole-Temperature : 1.0000e-04
    Lattice-Hole-Electron-Temperature : 1.0000e-03
    Circuit : 1.0000e-03
    TCircuit : 1.0000e-03
    Contact : 1.0000e-03
    TContact : 1.0000e-03
    Continuation : 1.0000e-03
    eLaplace : 1.0000e-03
    hLaplace : 1.0000e-03
    tLaplace : 1.0000e-03
    MonteCarlo : 1.0000e-03
    MCPoissonPDE : 1.0000e-03
    eQuantumPotential : 1.0000e-03
    hQuantumPotential : 1.0000e-03
    quasi-fermi-potential : 1.0000e-03
    ConductiveInsulator : 1.0000e-03
    ContactAndConductiveInsulator : 1.0000e-03
    SingletExciton : 1.0000e-05
    FEPolarization : 1.0000e-05
    eHopping : 1.0000e-03
    hHopping : 1.0000e-03
    HydrogenAtom : 1.0000e-03
    HydrogenMolecule : 1.0000e-03
    HydrogenIon : 1.0000e-03
    HydrogenSiliconBondOccupation : 1.0000e-03
    TrapPDE : 1.0000e-03
    eSHEDistribution : 1.0000e-03
    hSHEDistribution : 1.0000e-03
    Landau-Lifshitz-Gilbert[theta] : 1.0000e-03
    Landau-Lifshitz-Gilbert[phi] : 1.0000e-03
    Landau-Lifshitz-Gilbert[x] : 1.0000e-03
    Landau-Lifshitz-Gilbert[y] : 1.0000e-03
    Landau-Lifshitz-Gilbert[z] : 1.0000e-03
    Mechanics : 1.0000e-03
    ExternalTransportSolver : 1.0000e-03
    ReactionDiffusionPDE : 1.0000e-03
  RelErrControl (Reference error): 
    Poisson : 0.025852
    eqPoisson : 1
    Electron : 1.0000e+08
    Hole : 1.0000e+08
    Photon-Rate-Equation : 1.0000e-07
    Photon-Phase-Equation : 1
    Rate-Stabilize-Equation : 1.0000e-07
    QW-Scattering-Equations : 1.0000e+10
    QW-eScattering-Equation : 1.0000e+10
    QW-hScattering-Equation : 1.0000e+10
    Optical Problem : 1
    Wavelength : 1
    Bandstructure : 1
    EmissionTable : 1
    DephasingRates : 1
    Photon Recycling : 1
    Electron-Temperature : 3.0000e+02
    Hole-Temperature : 3.0000e+02
    Lattice-Hole-Electron-Temperature : 3.0000e+02
    Circuit : 1
    TCircuit : 1
    Contact : 0.025852
    TContact : 1
    Continuation : 1
    eLaplace : 1
    hLaplace : 1
    tLaplace : 1
    MonteCarlo : 1
    MCPoissonPDE : 1
    eQuantumPotential : 0.025852
    hQuantumPotential : 0.025852
    quasi-fermi-potential : 0.025852
    ConductiveInsulator : 1
    ContactAndConductiveInsulator : 1
    SingletExciton : 1.0000e+10
    FEPolarization : 0.025852
    eHopping : 0.025852
    hHopping : 0.025852
    HydrogenAtom : 1.0000e+10
    HydrogenMolecule : 1.0000e+10
    HydrogenIon : 1.0000e+10
    HydrogenSiliconBondOccupation : 1
    TrapPDE : 1.0000e-05
    eSHEDistribution : 0.025852
    hSHEDistribution : 0.025852
    Landau-Lifshitz-Gilbert[theta] : 1
    Landau-Lifshitz-Gilbert[phi] : 1
    Landau-Lifshitz-Gilbert[x] : 1
    Landau-Lifshitz-Gilbert[y] : 1
    Landau-Lifshitz-Gilbert[z] : 1
    Mechanics : 1
    ExternalTransportSolver : 1
    ReactionDiffusionPDE : 1
  Relative error : 5 digits
  Without checked transient error
  Max. #iterations : 100
  LineSearchDamping=1
  #undamped iterations : 1000
  No incomplete Newton
  transient method : TR-BDF
  Linear solver : blocked decomposition
  Linear solver for AC analysis : blocked decomposition
  Linear solver for SHEDistribution Model : Super
  use linear extrapolation in transient/quasistationary computations
  use complex supernodal in ac-analysis (if possible)
  do not use smoothed PDE's in transient/quasistationary computations
  use automatic coupling of contact/circuit stuff
  Spice temperature: 3.0015e+02
  Spice nominal temperature of parameter measurements: 3.0015e+02
  Spice minimum conductance gmin: 1.0000e-12
  Terminate simulation immediately if a solve command fails.
  Use 64 bit (double) normal precision floating point arithmetic.
  Mininum |rhs| : 1.0000e-05
  Maximum |rhs| : 1.0000e+15
  Maximum |rhs| factor : 1.0000e+10
  Maximum |rhs| factor1 : 1.0000e+10
  Lattice Temperature Range : (50,5.0000e+03)
  Carrier Temperature Range : (10,8.0000e+04)
  Simplified first order SHE of BTE will be solved
  SHERefinementCutoff : 20
  No user dependencies.
  Number of assembly threads: 1 (default)
  Number of solver threads: 1 (OMP_NUM_THREADS)
  Thread stacksize: 1000000 bytes (default)
  Go serial if not enough parallel licenses are available.

Default device parameters:
  Electrodes:
    "source" : 0.0000e+00 V (Ohmic), area factor : 1
    "drain" : 0.0000e+00 V (Ohmic), area factor : 1
    "gate" : 2 V (Ohmic), area factor : 1
  RayTrace Boundaries:
  Files:
    no Boundary file
    Grid file: n1_fps.tdr
    no Doping file
    no MobilityDoping file
    no Load file
    no Save file
    Plot file: n5_des.tdr
    no DevFieldsName file
    AutoNewtonPlot file: n5_des_%d_des.tdr
    no Path file
    no Lifetime file
    no Temperature file
    Current file: n5_des.plt
    no PMIUserFields file
    no Extraction file
    no ModelParameters file
    ParameterPath directories: 
    no Piezo file
    no mcDOS file
    no ModeGain file
    no Optical emission table for stimulated emission file
    no Optical emission table for spontaneous emission file
    no Optical emission table for photon phase change coefficient file
    no EmissionTable file
    no DephasingRates file
    no ASESpectrum file
    no OpticalFarField file
    no OpticalIntensityPattern file
    no SaveOpticalIntensityPattern file
    no OpticalXYAnglePattern file
    no SaveOpticalXYAnglePattern file
    no IlluminationSpectrum file
    no SpectralPlot file
    no OpticalSolverInput file
    no OpticalGenerationInput file
    no OpticalGenerationOutuput file
    no OptGenTransientScaling file
    no MonteCarloInput file
    no MonteCarloOutput file
    no ACPlot file
-----------------------------------------------
  Numerical parameters:
    With avalanche derivatives
    Using old wavelength search algorithm
    Do not reinitialize quasi Fermi potentials in quasi-stationary simulations
    Ignore ionization integral constraints
    Without diagonal preconditioning
    With Scharfetter-Gummel Discretization
    Relative error : 5 digits
    Delta for numerical tunnelling derivatives : 1.0000e-03
    Do not compute breakdown paths and ionization integrals
    QuasiFermiPotential is used for Contact Equation
    With usage of best vertex in element (maximum element-vertex volume angle) for impact ionization models
-----------------------------------------------
-----------------------------------------------
  Physical models:
    Without incomplete ionization
    Use Si parameters
    TATNonlocalPathNC = 0.0000e+00
    Without SRH-Recombination
    Without CDL-Recombination
    With optical generation computation 
    Without Band-to-Band-Tunneling
    Without Auger-Recombination
    Without Radiative Recombination
    Without Surface-Recombination
    Without Trap-Assisted-Auger-Recombination
    PMI recombination models: none
    Without thermal resistance interfaces
    Without distributed resistance interfaces for electrons
    Without distributed resistance interfaces for holes
    Without Piezo
    Without Anisotropic Material Properties
    Without Avalanche-Generation 
    Without Alpha Particle
    Without Heavy Ion
    Without polarization
    Volume charge density: 0.0000e+00 cm^-3
    Device Temperature = 3.0000e+02 K
    Electron Quasi Fermi Potential: 0.0000e+00 V
    Hole Quasi Fermi Potential: 0.0000e+00 V
    Without MagneticField
    With SingletExciton Barrier Type
    Intrinsic density models:
      default bandgap model
      Bandgap narrowing model: OldSlotboom with bandgap narrowing (no Fermi)
    default affinity model
    default effective mass model
    Electron mobility:
      no Doping dependence (using constant mobility)
      no Carrier-Carrier scattering
      no E_normal dependence
      Without ThinLayer mobility model
      no high-field saturation
      Einstein relation for diffusivity-mobility ratio.
    Hole mobility:
      no Doping dependence (using constant mobility)
      no Carrier-Carrier scattering
      no E_normal dependence
      Without ThinLayer mobility model
      no high-field saturation
      Einstein relation for diffusivity-mobility ratio.
    Energy relaxation time model: according to formula in parameter file
    Schottky resistance model: default bult-in model
    Lattice thermal conductivity model: according to formula in parameter file
    Metal Resistivity model: according to formula in parameter file
    Thermo Electric Power model: extraploted Si data
    Metal Thermo Electric Power model: MetalThermoElectricPower model not defined
    Lattice heat capacity model: temperature dependent
    no piezoelectric polarization model
    Without default parameters from file (use built-in default parameters)
-----------------------------------------------
- - - - - - - - - - - - - - - - - - - - - - - - 
  The following Physical models were changed
              for Material = 'Silicon'
    With SRH-Recombination
      Without field dependent lifetimes
      With doping dependent lifetimes
      Without temperature dependent lifetimes
    Without thermal resistance interfaces
    Without distributed resistance interfaces for electrons
    Without distributed resistance interfaces for holes
    Electron mobility:
      Philips unified mobility
      E_normal dependence:
        Lombardi
      High-field mobility: Caughey-Thomas saturation model, using gradient quasi-Fermi potential.
    Hole mobility:
      Philips unified mobility
      E_normal dependence:
        Lombardi
      High-field mobility: Caughey-Thomas saturation model, using gradient quasi-Fermi potential.
- - - - - - - - - - - - - - - - - - - - - - - -
  Process information for extraction purposes:
    none
  Plot variables:
    eDensity
    hDensity
    eCurrentDensity
    hCurrentDensity
    SpaceCharge

------------------------------------------------
  NoisePlot variables:
    none
  Plot groups:
    none

------------------------------------------------
  CurrentPlot variables:
    none
Devices:
Systems:
Solve :
 Poisson
Coupled ( Digits : 5, Max. #iterations : 100, 
    Solver : blocked decomposition,
    #undamped iterations : 1000 
    )
    { Poisson Electron Hole } 
Quasistationary ( Digits : 5, Max. #iterations : 100, 
      Initial step in t : 1, 
      Minimum step in t : 1.0000e-15, Maximum step in t : 2.5, 
      Increment : 1.6, Decrement : 2, 
      Goal values :
        Contact drain : 100V
    )
  {
    Coupled ( Digits : 5, Max. #iterations : 100, 
        Solver : blocked decomposition,
        #undamped iterations : 1000 
        )
        { Poisson Electron Hole } 
  }

===============================

Reading grid 'n1_fps.tdr' ... 
  coordinate system: UCS, 3d_sprocess (x is device down direction)
  use coordinate system as is (no transformation)
  TDR format
  Number of grid points is 73276.
done.

Adding interfaces and contacts .... done.

Computing edges ...
  Number of edges: 219663
done.
Computing boxes ...

  CVPL_AverageBoxMethod = TRUE 
   
  Boxmethod Parallel Computing: nbThreads = 1 

  Computing Delaunay coefficients ...   done.
  Delaunay coefficients time: (wallclock = 0.01 s, tcpu = 0.01 s)

  Parallel Computing Voronoi faces, coefficients, and measures ... 
  CVPL_Algorithm = TRUE 

    Computing Obtuse Elements ... 
     Obtuse Elements time:  tcpu = 0.0000e+00 s
      New Parameters time: (wallclock = 0.03 s, tcpu = 0.02 s)

Info for all regions (NumberOfRegions = 5):
        ElementWithMinVolume( 16410) Vertex0( 8780)(-4.933650e-01, 6.100000e+00) Volume = 1.614626e-11 um3 (1.28e-13 from TotalVolume)
          ElementWithMinEdge( 16410) Vertex0( 8780)(-4.933650e-01, 6.100000e+00) Length = 3.820186e-06 um
              MaxFlatElement( 16617) Vertex0( 8894)(-5.412415e-01, 6.096875e+00)  Angle = 7.047194e+00 degrees
         ElementWithMinAngle(  1688) Vertex0(  927)( 5.000000e+00, 9.000000e+00)  Angle = 9.497781e-04 degrees
   ElementWithMaxQualityEdge(  1688) Vertex0(  927)( 5.000000e+00, 9.000000e+00)    R/L = 3.016272e+04 
 ElementWithMaxQualityHeight(  1688) Vertex0(  927)( 5.000000e+00, 9.000000e+00)    R/H = 3.016272e+04 

Info for semiconductor regions (NumberOfRegions = 2):
        ElementWithMinVolume( 40418) Vertex0(20666)( 5.990994e-01, 5.852344e+00) Volume = 2.927525e-10 um3 (2.31e-12 from TotalVolume)
          ElementWithMinEdge( 25993) Vertex0(13406)( 6.888136e-06, 3.550000e+00) Length = 5.181294e-06 um
              MaxFlatElement(142713) Vertex0(71513)(-5.379957e-01, 3.403906e+00)  Angle = 1.847070e+01 degrees
         ElementWithMinAngle(142792) Vertex0(71544)(-5.473275e-01, 3.700000e+00)  Angle = 2.971345e-03 degrees
   ElementWithMaxQualityEdge(142792) Vertex0(71544)(-5.473275e-01, 3.700000e+00)    R/L = 9.641388e+03 
 ElementWithMaxQualityHeight(142792) Vertex0(71544)(-5.473275e-01, 3.700000e+00)    R/H = 9.641388e+03 

   NumberOfEdges              = 219663 
   NumberOfGeometricalEdges   = 219493 
   NumberOfDoubleEdges        =      0 
   MaxNumberOfEdgesPerVertex  =     11; vertex(69917) = (-4.925535e-01,  6.100000e+00) [um]
   MaxNumberOfElementsPerEdge =      2; edge(0) = (0, 5716) 
                                        vertex(0) = ( 7.585845e+00,  1.000000e-01) [um]
                                        vertex(5716) = ( 7.585845e+00,  0.000000e+00) [um]

                        NumberOfVertices =  73446 
                        NumberOfElements = 146218 
                       NumberOfTriangles = 146218  (100.00 %)
                      NumberOfRectangles =      0  ( 0.00 %)
                  NumberOfObtuseElements =   1662  ( 1.14 %)
             NumberOfNonDelaunayElements =     19  ( 0.01 %)

 Non-Delaunay elements with maximum CoeffIntersection  = -4.044628e+00 (VolumeIntersection = 1.389056e+02)
   Region(Gas_1), elem1 =  16617, vertex0(  8894)(-5.412415e-01, 6.096875e+00) 
   Region(Gas_1), elem2 =  16613, vertex0(  8891)(-5.379957e-01, 6.096875e+00) 

 Non-Delaunay elements with maximum VolumeIntersection = 1.389056e+02 (CoeffIntersection  = -4.044628e+00)
   Region(Gas_1), elem1 =  16617, vertex0(  8894)(-5.412415e-01, 6.096875e+00) 
   Region(Gas_1), elem2 =  16613, vertex0(  8891)(-5.379957e-01, 6.096875e+00) 


  VertexWithMaxMeasure( 7010)(-2.816595e+00, 9.200000e+00)
  MaxVertMeasure(8.309421e-02)/VertVolume(4.154711e-02) = 2.00e+00


/-------- Region non-Delaunay elements -----------------------------------------------------------------------
 Region            Volume      BoxMethodVolume  DeltaVolume  Elements  non-Delaunay      non-DelaunayVolume 
  name              [um2]          [um2]           [%]                   Elements              [um2]   [%]   
 -------------------------------------------------------------------------------------------------------------
 Oxide_1.1      4.1980998e+01  4.1980998e+01     2.7e-12     12731       0 ( 0.00 %)   0.0000000e+00 ( 0.0000) 
 Gas_1          3.5030825e+01  3.5030844e+01     5.4e-05      9335       7 ( 0.07 %)   3.9958584e-05 ( 0.0001) 
 Silicon_1      4.6888227e+01  4.6888227e+01     7.8e-07    108471       4 ( 0.00 %)   1.0273140e-06 (2.2e-06) 
 Oxide_1.2      1.2363269e+00  1.2363277e+00     6.0e-05     11793       4 ( 0.03 %)   1.7662048e-06 ( 0.0001) 
 PolySilicon_1  1.3389915e+00  1.3389985e+00     5.2e-04      3888       4 ( 0.10 %)   1.6077491e-05 ( 0.0012) 
 .............................................................................................................
 Total          1.2647537e+02  1.2647540e+02     2.1e-05    146218      19 ( 0.01 %)   5.8829594e-05 (4.7e-05) 
\-------------------------------------------------------------------------------------------------------------


/-------- Interface non-Delaunay elements --------------------------------------------------------------------
 Region1           Elements  non-Delaunay     Volume            non-Delaunay            Obtuse
 Region2                      Elements         [um2]          DeltaVolume [um2]        Elements
 -------------------------------------------------------------------------------------------------------------
 Oxide_1.1           43       0 ( 0.00 %)   2.0671280e-04   0.0000000e+00 ( 0.00 %)   0 ( 0.00 %) 
 Gas_1               43       0 ( 0.00 %)   2.1251569e-04   0.0000000e+00 ( 0.00 %)   0 ( 0.00 %) 
 .............................................................................................................
 Oxide_1.1          690       0 ( 0.00 %)   2.1489312e-03   0.0000000e+00 ( 0.00 %)   0 ( 0.00 %) 
 Silicon_1          689       0 ( 0.00 %)   6.2273714e-03   0.0000000e+00 ( 0.00 %)   0 ( 0.00 %) 
 .............................................................................................................
 Gas_1              140       0 ( 0.00 %)   2.3854198e-04   0.0000000e+00 ( 0.00 %)   0 ( 0.00 %) 
 Silicon_1          140       0 ( 0.00 %)   5.2830918e-04   0.0000000e+00 ( 0.00 %)   0 ( 0.00 %) 
 .............................................................................................................
 Gas_1              209       0 ( 0.00 %)   3.0178939e-04   0.0000000e+00 ( 0.00 %)   1 ( 0.48 %) 
 Oxide_1.2          211       0 ( 0.00 %)   4.5269164e-04   0.0000000e+00 ( 0.00 %)   0 ( 0.00 %) 
 .............................................................................................................
 Gas_1              103       0 ( 0.00 %)   2.9512531e-04   0.0000000e+00 ( 0.00 %)   0 ( 0.00 %) 
 PolySilicon_1      103       0 ( 0.00 %)   3.3697795e-04   0.0000000e+00 ( 0.00 %)   0 ( 0.00 %) 
 .............................................................................................................
 Silicon_1          541       0 ( 0.00 %)   7.1923782e-04   0.0000000e+00 ( 0.00 %)   0 ( 0.00 %) 
 Oxide_1.2          541       0 ( 0.00 %)   8.6254071e-04   0.0000000e+00 ( 0.00 %)   0 ( 0.00 %) 
 .............................................................................................................
 Oxide_1.2          171       0 ( 0.00 %)   5.5257372e-04   0.0000000e+00 ( 0.00 %)   0 ( 0.00 %) 
 PolySilicon_1      169       0 ( 0.00 %)   4.0381441e-04   0.0000000e+00 ( 0.00 %)   0 ( 0.00 %) 
 .............................................................................................................
 Total             3793       0 ( 0.00 %)   1.3487133e-02   0.0000000e+00 ( 0.00 %)   1 ( 0.03 %) 
\-------------------------------------------------------------------------------------------------------------
    done.
  done.
  (times: wallclock = 0.2 s, tcpu = 0.21 s)
done.
Reading doping 'n1_fps.tdr' (TDR format) ...
done.
done.


=======
Region: "Gas_1"
  (material is "Gas")
=======
  Using default lattice crystal coordinate system:
    effective LatticeParameters:
      X = (1, 0.0000e+00, 0.0000e+00)
      Y = (0.0000e+00, 1, 0.0000e+00)
      Z = (0.0000e+00, 0.0000e+00, 1)
  Constants are not modified and equal to default ones

=======
Region: "Oxide_1.1"
  (material is "Oxide")
=======
  Using default lattice crystal coordinate system:
    effective LatticeParameters:
      X = (1, 0.0000e+00, 0.0000e+00)
      Y = (0.0000e+00, 1, 0.0000e+00)
      Z = (0.0000e+00, 0.0000e+00, 1)
  Constants are not modified and equal to default ones

=======
Region: "Oxide_1.2"
  (material is "Oxide")
=======
  Using default lattice crystal coordinate system:
    effective LatticeParameters:
      X = (1, 0.0000e+00, 0.0000e+00)
      Y = (0.0000e+00, 1, 0.0000e+00)
      Z = (0.0000e+00, 0.0000e+00, 1)
  Constants are not modified and equal to default ones

=======
Region: "PolySilicon_1"
  (material is "PolySi")
=======
  Using lattice crystal coordinate system from TDR file:
    slice.angle                   : -9.0000e+01 [deg]
    wafer.orient, vertical.orient : (0, 0, 1)
    flat.orient, horizontal.orient: [1, 1, 0]
    miscut.tilt                   : 0.0000e+00 [deg]
    miscut.toward                 : [1, 1, 0]
    lattice.system                : cubic
    polytype                      : Zincblende
    lattice.const                 : 5.4300e-08 [cm]
    lattice.const.b               : 5.4300e-08 [cm]
    lattice.const.c               : 5.4300e-08 [cm]
    unit cell angles: alpha = 90, beta = 90, gamma = 90 [deg]
    effective LatticeParameters:
      X = (0.0000e+00, 0.0000e+00, -1.0000e+00)
      Y = (-7.0711e-01, 0.707107, 0.0000e+00)
      Z = (0.707107, 0.707107, 0.0000e+00)
  Constants are not modified and equal to default ones

=======
Region: "Silicon_1"
  (material is "Silicon")
=======
  Using lattice crystal coordinate system from TDR file:
    slice.angle                   : -9.0000e+01 [deg]
    wafer.orient, vertical.orient : (0, 0, 1)
    flat.orient, horizontal.orient: [1, 1, 0]
    miscut.tilt                   : 0.0000e+00 [deg]
    miscut.toward                 : [1, 1, 0]
    lattice.system                : cubic
    polytype                      : Zincblende
    lattice.const                 : 5.4310e-08 [cm]
    lattice.const.b               : 5.4310e-08 [cm]
    lattice.const.c               : 5.4310e-08 [cm]
    unit cell angles: alpha = 90, beta = 90, gamma = 90 [deg]
    effective LatticeParameters:
      X = (0.0000e+00, 0.0000e+00, -1.0000e+00)
      Y = (-7.0711e-01, 0.707107, 0.0000e+00)
      Z = (0.707107, 0.707107, 0.0000e+00)
  Constants are not modified and equal to default ones

================
RegionInterface: "Oxide_1.1/Gas_1"
  (material interface is "Oxide/Gas")
================
  Constants are not modified and equal to default ones

================
RegionInterface: "Gas_1/Oxide_1.2"
  (material interface is "Gas/Oxide")
================
  Constants are not modified and equal to default ones

================
RegionInterface: "Gas_1/PolySilicon_1"
  (material interface is "Gas/PolySi")
================
  Constants are not modified and equal to default ones

================
RegionInterface: "Gas_1/Silicon_1"
  (material interface is "Gas/Silicon")
================
  Constants are not modified and equal to default ones

================
RegionInterface: "Oxide_1.1/Silicon_1"
  (material interface is "Oxide/Silicon")
================
  Constants are not modified and equal to default ones

================
RegionInterface: "Oxide_1.2/PolySilicon_1"
  (material interface is "Oxide/PolySi")
================
  Constants are not modified and equal to default ones

================
RegionInterface: "Silicon_1/Oxide_1.2"
  (material interface is "Silicon/Oxide")
================
  Constants are not modified and equal to default ones

==========
Electrode: "drain"
==========
  Constants are not modified and equal to default ones

==========
Electrode: "gate"
==========
  Constants are not modified and equal to default ones

==========
Electrode: "source"
==========
  Constants are not modified and equal to default ones


Acceptor and donor concentrations (AcceptorConcentration, DonorConcentration):
    computed based on the following species from the doping file:
        ArsenicActiveConcentration (donor)
        PhosphorusActiveConcentration (donor)
        BoronActiveConcentration (acceptor)
Net doping concentration (DopingConcentration):
    obtained from doping file
Total doping concentration (TotalConcentration):
    recomputed from acceptor and donor concentrations



With Constant Reference Potential:
  Parameters of Reference Semiconductor:
    The Electron Affinity: 4.07274
    The Band Gap: 1.10821
    The Electron DOS: 2.8583e+19
    The Hole DOS: 3.1046e+19
  The Constant Reference Potential: 4.62578

===============================
Starting solve of next problem:
 Poisson
===============================

Computing poisson-equation 
using Bank/Rose nonlinear solver.

Iteration   |Rhs|      factor     |step|     error   #inner  #iterative  time
------------------------------------------------------------------------------
    0      7.63e+05                                                      0.05
    1      6.38e+05   1.00e+00   1.74e+01   1.92e+05    0         1      0.48
    2      1.91e+05   1.00e+00   2.34e+00   6.87e+04    0         1      0.91
    3      7.04e+04   1.00e+00   8.62e-01   2.28e+04    0         1      1.32
    4      2.59e+04   1.00e+00   4.20e-01   1.82e+04    0         1      1.76
    5      9.53e+03   1.00e+00   1.54e-01   2.61e+03    0         1      2.19
    6      3.51e+03   1.00e+00   1.22e-01   5.12e+02    0         1      2.59
    7      1.29e+03   1.00e+00   1.07e-01   4.66e+02    0         1      2.99
    8      4.76e+02   1.00e+00   9.70e-02   4.35e+02    0         1      3.43
    9      1.76e+02   1.00e+00   8.82e-02   4.04e+02    0         1      3.85
   10      6.58e+01   1.00e+00   7.75e-02   3.62e+02    0         1      4.30
   11      2.49e+01   1.00e+00   6.27e-02   2.99e+02    0         1      4.73
   12      9.20e+00   1.00e+00   4.70e-02   2.28e+02    0         1      5.16
   13      2.77e+00   1.00e+00   3.38e-02   1.68e+02    0         1      5.58
   14      4.72e-01   1.00e+00   1.96e-02   9.95e+01    0         1      5.98
   15      2.63e-02   1.00e+00   6.04e-03   3.08e+01    0         1      6.47
   16      1.30e-04   1.00e+00   4.54e-04   2.29e+00    0         1      6.88
   17      3.81e-09   1.00e+00   2.31e-06   1.15e-02    0         1      7.31
Finished, because...
Error smaller than 1 ( 1.1537E-02 ).

Accumulated times:
Rhs time:        0.83 s
Jacobian time:   0.21 s
Solve time:      6.25 s
Total time:      7.31 s

contact        voltage     electron current    hole current  conduction current
 drain        0.000E+00      -2.109E-17        -9.862E-24       -2.109E-17
 gate         2.000E+00       0.000E+00         0.000E+00        0.000E+00
 source       0.000E+00       2.184E-17         9.862E-24        2.184E-17


===============================
Starting solve of next problem:
Coupled ( Digits : 5, Max. #iterations : 100, 
    Solver : blocked decomposition,
    #undamped iterations : 1000 
    )
    { Poisson Electron Hole } 
===============================

Computing Coupled( 1 poisson-equation(s) , 1 electron-equation(s) , 
                   1 hole-equation(s) ) 
using Bank/Rose nonlinear solver.

Iteration   |Rhs|      factor     |step|     error   #inner  #iterative  time
------------------------------------------------------------------------------
    0      8.45e-02                                                      0.95
    1      4.06e+01   1.00e+00   5.59e-11   2.85e-06    0         1      7.57
Finished, because...
Error smaller than 1 ( 2.8463E-06 ).

Accumulated times:
Rhs time:        2.03 s
Jacobian time:   0.17 s
Solve time:      5.34 s
Total time:      7.57 s

contact        voltage     electron current    hole current  conduction current
 drain        0.000E+00      -2.976E-16         5.344E-26       -2.976E-16
 gate         2.000E+00       0.000E+00         0.000E+00        0.000E+00
 source       0.000E+00       2.975E-16        -5.344E-26        2.975E-16


===============================
Starting solve of next problem:
Quasistationary ( Digits : 5, Max. #iterations : 100, 
      Initial step in t : 1, 
      Minimum step in t : 1.0000e-15, Maximum step in t : 2.5, 
      Increment : 1.6, Decrement : 2, 
      Goal values :
        Contact drain : 100V
    )
  {
    Coupled ( Digits : 5, Max. #iterations : 100, 
        Solver : blocked decomposition,
        #undamped iterations : 1000 
        )
        { Poisson Electron Hole } 
  }
===============================

Computing step from t=0.0000e+00 to t=1 (Stepsize: 1) :
Computing Coupled( 1 poisson-equation(s) , 1 electron-equation(s) , 
                   1 hole-equation(s) ) 
using Bank/Rose nonlinear solver.

Iteration   |Rhs|      factor     |step|     error   #inner  #iterative  time
------------------------------------------------------------------------------
    0      3.49e+10                                                      1.06
    1      1.49e+12   1.00e+00   1.73e+03   1.79e+09    0         1      7.92
    2      3.40e+14   1.00e+00   7.30e+02   2.09e+11    0         1     14.88
    3      8.30e+15   1.00e+00   1.01e+03   5.91e+14    0         1     21.52
    4      4.37e+15   1.00e+00   6.53e+02   2.85e+14    0         1     28.15
    5      2.09e+17   1.00e+00   4.05e+02   5.87e+16    0         1     35.09
    6      4.91e+63   1.00e+00   6.66e+57   7.11e+16    0         1     41.84
Finished, because...
|RHS| increased by more than factor 1.0000E+10.

Accumulated times:
Rhs time:        8.30 s
Jacobian time:   0.88 s
Solve time:     32.56 s
Total time:     41.84 s

Newton didn't converge, trying again with smaller step...

Computing step from t=0.0000e+00 to t=0.5 (Stepsize: 0.5) :
Computing Coupled( 1 poisson-equation(s) , 1 electron-equation(s) , 
                   1 hole-equation(s) ) 
using Bank/Rose nonlinear solver.

Iteration   |Rhs|      factor     |step|     error   #inner  #iterative  time
------------------------------------------------------------------------------
    0      6.88e+10                                                      1.07
    1      1.49e+12   1.00e+00   8.68e+02   8.98e+08    0         1      7.68
    2      3.16e+12   1.00e+00   2.82e+02   7.12e+11    0         1     14.53
    3      3.18e+12   1.00e+00   1.10e+02   2.24e+13    0         1     21.39
    4      2.27e+15   1.00e+00   1.03e+02   7.20e+13    0         1     28.13
    5      2.08e+15   1.00e+00   5.12e+02   2.02e+15    0         1     34.84
    6      5.65e+18   1.00e+00   1.49e+03   3.04e+15    0         1     41.75

Supernodal had problems (zero pivot) !

Linear system cannot be solved.
Accumulated times:
Rhs time:        8.41 s
Jacobian time:   1.08 s
Solve time:     32.39 s
Total time:     41.97 s

Newton didn't converge, trying again with smaller step...

Computing step from t=0.0000e+00 to t=0.25 (Stepsize: 0.25) :
Computing Coupled( 1 poisson-equation(s) , 1 electron-equation(s) , 
                   1 hole-equation(s) ) 
using Bank/Rose nonlinear solver.

Iteration   |Rhs|      factor     |step|     error   #inner  #iterative  time
------------------------------------------------------------------------------
    0      1.34e+11                                                      1.09
    1      1.49e+12   1.00e+00   4.37e+02   4.52e+08    0         1      7.74
    2      2.43e+12   1.00e+00   1.14e+02   2.19e+11    0         1     14.31
    3      5.28e+11   1.00e+00   5.37e+01   7.14e+12    0         1     21.08
    4      1.01e+16   1.00e+00   9.05e+01   4.12e+13    0         1     28.01
    5      2.89e+16   1.00e+00   2.57e+02   6.22e+15    0         1     34.66
    6      8.13e+39   1.00e+00   1.32e+21   1.24e+16    0         1     41.47
Finished, because...
|RHS| increased by more than factor 1.0000E+10.

Accumulated times:
Rhs time:        8.38 s
Jacobian time:   0.89 s
Solve time:     32.11 s
Total time:     41.47 s

Newton didn't converge, trying again with smaller step...

Computing step from t=0.0000e+00 to t=0.125 (Stepsize: 0.125) :
Computing Coupled( 1 poisson-equation(s) , 1 electron-equation(s) , 
                   1 hole-equation(s) ) 
using Bank/Rose nonlinear solver.

Iteration   |Rhs|      factor     |step|     error   #inner  #iterative  time
------------------------------------------------------------------------------
    0      2.53e+11                                                      1.11
    1      1.49e+12   1.00e+00   2.21e+02   2.29e+08    0         1      8.01
    2      2.38e+12   1.00e+00   4.55e+01   1.30e+09    0         1     14.77
    3      4.96e+11   1.00e+00   1.83e+01   5.68e+11    0         1     21.47
    4      2.02e+16   1.00e+00   2.18e+02   3.17e+14    0         1     28.42
    5      5.01e+15   1.00e+00   5.43e+02   4.41e+14    0         1     35.41
    6      2.42e+19   1.00e+00   6.65e+03   5.43e+33    0         1     42.12
    7      1.75e+19   1.00e+00   2.88e+04        inf    0         1     49.11
Finished, because...
Error is greater than maximum allowed 1.0000E+100.

Accumulated times:
Rhs time:        9.82 s
Jacobian time:   1.10 s
Solve time:     38.09 s
Total time:     49.11 s

Newton didn't converge, trying again with smaller step...

Computing step from t=0.0000e+00 to t=0.0625 (Stepsize: 0.0625) :
Computing Coupled( 1 poisson-equation(s) , 1 electron-equation(s) , 
                   1 hole-equation(s) ) 
using Bank/Rose nonlinear solver.

Iteration   |Rhs|      factor     |step|     error   #inner  #iterative  time
------------------------------------------------------------------------------
    0      4.54e+11                                                      1.12
    1      1.49e+12   1.00e+00   1.13e+02   1.17e+08    0         1      8.03
    2      2.29e+12   1.00e+00   1.41e+01   1.32e+08    0         1     14.67
    3      4.39e+11   1.00e+00   8.68e+00   7.47e+11    0         1     21.61
    4      3.57e+10   1.00e+00   3.57e+00   8.04e+10    0         1     28.48
    5      4.18e+09   1.00e+00   3.34e+00   2.97e+08    0         1     35.37
    6      7.33e+08   1.00e+00   3.14e+00   4.77e+08    0         1     41.92
    7      1.55e+08   1.00e+00   8.67e-01   3.80e+07    0         1     48.86
    8      3.06e+07   1.00e+00   5.55e-01   1.53e+06    0         1     55.97
    9      1.96e+07   1.00e+00   5.47e-01   2.68e+06    0         1     62.58
   10      1.51e+07   1.00e+00   5.02e-01   1.52e+07    0         1     69.28
   11      1.21e+07   1.00e+00   4.57e-01   2.57e+07    0         1     76.23
   12      1.10e+07   1.00e+00   4.38e-01   2.94e+07    0         1     83.08
   13      1.08e+07   1.00e+00   4.32e-01   5.83e+07    0         1     89.74
   14      1.08e+07   1.00e+00   4.33e-01   3.25e+07    0         1     96.76
   15      1.09e+07   1.00e+00   4.40e-01   2.03e+07    0         1    103.72
   16      1.11e+07   1.00e+00   4.41e-01   1.33e+07    0         1    110.40
   17      1.13e+07   1.00e+00   4.59e-01   1.00e+07    0         1    117.18
   18      1.14e+07   1.00e+00   4.91e-01   9.63e+06    0         1    124.09
   19      1.14e+07   1.00e+00   5.22e-01   1.32e+07    0         1    130.85
   20      1.15e+07   1.00e+00   5.37e-01   1.29e+07    0         1    137.67
   21      1.14e+07   1.00e+00   6.26e-01   1.04e+07    0         1    144.55
   22      1.12e+07   1.00e+00   7.46e-01   5.73e+06    0         1    151.43
   23      1.08e+07   1.00e+00   2.51e+00   2.05e+04    0         1    158.05
   24      1.04e+07   1.00e+00   4.48e-01   8.84e+05    0         1    164.85
   25      7.13e+06   1.00e+00   4.74e-01   3.50e+03    0         1    171.71
   26      1.22e+07   1.00e+00   4.78e-01   9.60e+05    0         1    178.41
   27      2.30e+07   1.00e+00   4.44e-01   1.51e+07    0         1    185.11
   28      7.41e+05   1.00e+00   5.38e-01   3.46e+03    0         1    191.98
   29      3.09e+05   1.00e+00   7.03e-02   1.01e+03    0         1    198.83
   30      2.23e+05   1.00e+00   3.11e-02   7.14e+02    0         1    205.56
   31      4.34e+04   1.00e+00   1.41e-02   3.44e+02    0         1    212.39
   32      1.41e+05   1.00e+00   2.48e-02   6.36e+02    0         1    219.47
   33      3.00e+04   1.00e+00   1.09e-02   2.44e+02    0         1    226.22
   34      2.86e+05   1.00e+00   3.50e-02   9.77e+02    0         1    232.96
   35      1.80e+05   1.00e+00   2.76e-02   6.42e+02    0         1    239.90
   36      1.07e+08   1.00e+00   6.21e-01   9.49e+03    0         1    246.70
   37      6.41e+08   1.00e+00   1.87e+00   5.91e+06    0         1    253.45
   38      9.55e+08   1.00e+00   2.20e+00   5.39e+07    0         1    260.25
   39      1.42e+09   1.00e+00   1.42e+00   8.67e+04    0         1    267.09
   40      1.04e+08   1.00e+00   1.18e+00   1.63e+05    0         1    273.91
   41      3.32e+07   1.00e+00   1.01e+00   2.09e+04    0         1    280.71
   42      3.06e+06   1.00e+00   3.14e-01   4.90e+03    0         1    287.56
   43      1.88e+05   1.00e+00   1.03e-01   9.10e+02    0         1    294.33
   44      2.85e+06   1.00e+00   9.67e-02   8.04e+03    0         1    301.09
   45      3.87e+06   1.00e+00   1.01e-01   2.75e+03    0         1    307.92
   46      1.80e+05   1.00e+00   3.03e-02   1.26e+03    0         1    314.67
   47      3.88e+05   1.00e+00   3.23e-02   1.20e+03    0         1    321.48
   48      1.03e+05   1.00e+00   1.72e-02   5.93e+02    0         1    328.21
   49      1.05e+06   1.00e+00   5.49e-02   2.67e+03    0         1    334.93
   50      1.05e+06   1.00e+00   4.97e-02   2.09e+03    0         1    341.72
   51      1.13e+05   1.00e+00   1.93e-02   8.15e+02    0         1    348.48
   52      3.84e+05   1.00e+00   2.97e-02   9.27e+02    0         1    355.27
   53      1.91e+05   1.00e+00   2.22e-02   7.34e+02    0         1    361.96
   54      9.75e+04   1.00e+00   1.53e-02   5.36e+02    0         1    368.89
   55      6.32e+05   1.00e+00   4.06e-02   1.85e+03    0         1    375.76
   56      4.36e+06   1.00e+00   9.74e-02   2.31e+03    0         1    382.58
   57      4.11e+05   1.00e+00   2.60e-02   4.18e+02    0         1    389.50
   58      2.79e+05   1.00e+00   2.71e-02   8.14e+02    0         1    396.27
   59      2.01e+05   1.00e+00   2.28e-02   8.01e+02    0         1    403.03
   60      3.61e+06   1.00e+00   9.30e-02   2.08e+03    0         1    409.83
   61      6.68e+04   1.00e+00   1.94e-02   8.77e+02    0         1    416.72
   62      7.38e+05   1.00e+00   4.81e-02   1.95e+03    0         1    423.52
   63      1.59e+05   1.00e+00   1.94e-02   4.92e+02    0         1    430.22
   64      3.77e+09   1.00e+00   2.28e+01   7.29e+07    0         1    437.09
   65      3.17e+10   1.00e+00   1.35e+01   4.00e+11    0         1    443.94
   66      8.11e+09   1.00e+00   2.94e+00   8.99e+10    0         1    450.62
   67      2.49e+09   1.00e+00   5.25e+00   1.49e+13    0         1    457.25
   68      4.92e+09   1.00e+00   3.18e+00   3.96e+14    0         1    464.11
   69      3.64e+09   1.00e+00   3.22e+00   1.83e+14    0         1    470.87
   70      5.12e+10   1.00e+00   2.26e+00   1.08e+08    0         1    477.48
   71      4.76e+08   1.00e+00   1.12e+00   9.06e+11    0         1    484.20
   72      2.72e+09   1.00e+00   2.57e+00   5.10e+10    0         1    490.93
   73      6.64e+08   1.00e+00   4.71e+00   5.99e+12    0         1    497.44
   74      5.91e+08   1.00e+00   4.07e+00   6.49e+06    0         1    504.02
   75      1.04e+08   1.00e+00   3.21e+00   3.59e+06    0         1    510.69
   76      1.31e+07   1.00e+00   2.81e+00   7.31e+03    0         1    517.30
   77      1.84e+07   1.00e+00   1.35e+00   7.15e+05    0         1    523.86
   78      1.03e+06   1.00e+00   2.50e-01   4.45e+03    0         1    530.58
   79      2.65e+06   1.00e+00   8.05e-02   1.14e+04    0         1    537.26
   80      2.72e+06   1.00e+00   7.94e-02   3.37e+03    0         1    543.82
   81      2.62e+06   1.00e+00   6.84e-02   2.63e+03    0         1    550.41
   82      5.91e+07   1.00e+00   4.68e-01   1.97e+06    0         1    557.01
   83      5.72e+06   1.00e+00   3.02e-01   1.47e+07    0         1    563.82
   84      6.61e+06   1.00e+00   2.82e-01   2.45e+09    0         1    570.51
   85      5.12e+07   1.00e+00   6.38e-01   5.22e+03    0         1    577.25
   86      2.75e+06   1.00e+00   1.71e-01   4.52e+03    0         1    584.15
   87      2.02e+08   1.00e+00   6.54e-01   5.52e+06    0         1    590.86
   88      1.81e+08   1.00e+00   4.37e-01   5.42e+03    0         1    597.49
   89      5.56e+06   1.00e+00   3.13e-01   5.10e+03    0         1    604.28
   90      3.50e+06   1.00e+00   1.35e-01   4.12e+04    0         1    611.04
   91      1.38e+07   1.00e+00   1.77e-01   4.61e+03    0         1    617.65
   92      1.89e+06   1.00e+00   7.60e-02   3.02e+03    0         1    624.45
   93      2.41e+07   1.00e+00   1.89e-01   3.88e+03    0         1    631.24
   94      1.96e+06   1.00e+00   4.21e-02   1.13e+03    0         1    637.88
   95      3.62e+05   1.00e+00   3.05e-02   9.93e+02    0         1    644.50
   96      7.81e+05   1.00e+00   4.39e-02   2.05e+03    0         1    651.17
   97      1.20e+05   1.00e+00   1.88e-02   7.71e+02    0         1    657.97
   98      2.40e+05   1.00e+00   2.34e-02   7.70e+02    0         1    664.67
   99      9.01e+05   1.00e+00   4.54e-02   1.30e+03    0         1    671.62
  100      8.44e+04   1.00e+00   1.67e-02   6.30e+02    0         1    678.54
  101      3.82e+07   1.00e+00   2.91e-01   4.24e+03    0         1    685.28
Finished, because...
#iterations larger than 100.

Accumulated times:
Rhs time:      124.93 s
Jacobian time:  15.64 s
Solve time:    543.36 s
Total time:    685.28 s

Newton didn't converge, trying again with smaller step...

Computing step from t=0.0000e+00 to t=0.03125 (Stepsize: 0.03125) :
Computing Coupled( 1 poisson-equation(s) , 1 electron-equation(s) , 
                   1 hole-equation(s) ) 
using Bank/Rose nonlinear solver.

Iteration   |Rhs|      factor     |step|     error   #inner  #iterative  time
------------------------------------------------------------------------------
    0      7.42e+11                                                      1.08
    1      1.49e+12   1.00e+00   5.90e+01   6.12e+07    0         1      7.73
    2      2.14e+12   1.00e+00   7.13e+00   8.17e+07    0         1     14.48
    3      3.49e+11   1.00e+00   3.68e+00   1.37e+11    0         1     21.22
    4      3.70e+09   1.00e+00   3.07e+00   1.19e+06    0         1     27.81
    5      1.74e+08   1.00e+00   2.81e+00   3.34e+06    0         1     34.51
    6      2.74e+07   1.00e+00   6.77e-01   4.37e+05    0         1     41.30
    7      2.99e+07   1.00e+00   4.30e-01   6.31e+05    0         1     47.94
    8      3.29e+07   1.00e+00   2.88e-01   2.42e+05    0         1     54.50
    9      3.24e+07   1.00e+00   4.04e-01   4.96e+05    0         1     61.17
   10      2.94e+07   1.00e+00   3.32e-01   7.66e+05    0         1     67.92
   11      2.35e+07   1.00e+00   3.37e-01   2.25e+06    0         1     74.56
   12      1.63e+07   1.00e+00   3.39e-01   3.03e+06    0         1     81.16
   13      1.22e+07   1.00e+00   3.39e-01   5.94e+06    0         1     87.85
   14      1.02e+07   1.00e+00   3.57e-01   1.74e+07    0         1     94.44
   15      9.35e+06   1.00e+00   3.71e-01   3.93e+07    0         1    100.89
   16      9.79e+06   1.00e+00   3.80e-01   7.59e+07    0         1    107.45
   17      8.77e+06   1.00e+00   1.29e+00   1.06e+04    0         1    114.10
   18      4.96e+06   1.00e+00   1.97e-01   4.14e+03    0         1    120.60
   19      1.94e+07   1.00e+00   4.76e-01   7.27e+05    0         1    127.14
   20      9.54e+05   1.00e+00   3.00e-01   3.91e+03    0         1    133.74
   21      1.22e+07   1.00e+00   3.98e-01   5.36e+05    0         1    140.41
   22      3.54e+05   1.00e+00   2.61e-01   4.01e+03    0         1    146.87
   23      6.14e+06   1.00e+00   1.37e-01   3.14e+03    0         1    153.36
   24      5.86e+07   1.00e+00   5.85e-01   1.32e+06    0         1    159.99
   25      2.55e+06   1.00e+00   2.72e-01   4.69e+03    0         1    166.53
   26      1.61e+05   1.00e+00   1.61e-02   9.19e+02    0         1    173.06
   27      5.46e+04   1.00e+00   1.30e-02   5.54e+02    0         1    179.68
   28      5.28e+04   1.00e+00   1.17e-02   4.42e+02    0         1    186.29
   29      3.73e+04   1.00e+00   9.90e-03   3.76e+02    0         1    192.71
   30      8.66e+04   1.00e+00   1.49e-02   5.42e+02    0         1    199.24
   31      4.24e+05   1.00e+00   3.27e-02   1.08e+03    0         1    205.86
   32      6.42e+04   1.00e+00   1.42e-02   5.72e+02    0         1    212.42
   33      7.28e+03   1.00e+00   4.67e-03   1.88e+02    0         1    218.92
   34      1.99e+03   1.00e+00   2.35e-03   8.96e+01    0         1    225.52
   35      4.49e+04   1.00e+00   1.10e-02   3.91e+02    0         1    232.15
   36      4.38e+02   1.00e+00   1.25e-03   5.57e+01    0         1    238.61
   37      9.48e+03   1.00e+00   5.14e-03   1.99e+02    0         1    245.13
   38      8.42e+02   1.00e+00   1.55e-03   6.00e+01    0         1    251.78
   39      2.24e+04   1.00e+00   7.91e-03   3.12e+02    0         1    258.49
   40      3.21e+03   1.00e+00   3.03e-03   1.18e+02    0         1    265.45
   41      1.06e+03   1.00e+00   1.72e-03   6.49e+01    0         1    272.07
   42      3.91e+02   1.00e+00   1.04e-03   3.92e+01    0         1    278.89
   43      1.36e+03   1.00e+00   1.93e-03   7.20e+01    0         1    285.48
   44      6.20e+02   1.00e+00   1.31e-03   4.92e+01    0         1    292.14
   45      2.01e+03   1.00e+00   2.35e-03   8.75e+01    0         1    298.95
   46      1.33e+03   1.00e+00   1.92e-03   7.19e+01    0         1    305.77
   47      3.86e+02   1.00e+00   1.03e-03   3.86e+01    0         1    312.49
   48      1.50e+03   1.00e+00   2.03e-03   7.55e+01    0         1    319.19
   49      9.28e+01   1.00e+00   5.11e-04   1.95e+01    0         1    325.93
   50      8.52e+05   1.00e+00   4.67e-02   1.40e+03    0         1    332.42
   51      2.43e+04   1.00e+00   6.72e-03   1.18e+02    0         1    338.97
   52      3.16e+04   1.00e+00   9.52e-03   3.69e+02    0         1    345.66
   53      4.03e+03   1.00e+00   3.28e-03   1.17e+02    0         1    352.44
   54      8.93e+02   1.00e+00   1.58e-03   5.82e+01    0         1    359.07
   55      7.51e+02   1.00e+00   1.45e-03   5.43e+01    0         1    365.76
   56      2.58e+03   1.00e+00   2.70e-03   1.02e+02    0         1    372.48
   57      9.87e+02   1.00e+00   1.66e-03   6.17e+01    0         1    379.07
   58      4.86e+04   1.00e+00   1.18e-02   4.71e+02    0         1    385.62
   59      4.43e+03   1.00e+00   3.67e-03   1.45e+02    0         1    392.08
   60      3.50e+05   1.00e+00   3.24e-02   1.49e+03    0         1    398.56
   61      9.46e+03   1.00e+00   6.57e-03   3.23e+02    0         1    405.04
   62      8.76e+04   1.00e+00   1.53e-02   5.36e+02    0         1    411.44
   63      2.02e+03   1.00e+00   2.64e-03   1.15e+02    0         1    417.91
   64      4.18e+01   1.00e+00   3.48e-04   1.36e+01    0         1    424.39
   65      4.06e+01   1.00e+00   9.58e-05   3.60e+00    0         1    430.80
   66      1.28e+03   1.00e+00   1.88e-03   6.98e+01    0         1    437.23
   67      4.06e+01   1.00e+00   6.10e-05   2.00e+00    0         1    443.78
   68      4.06e+01   1.00e+00   1.02e-04   3.83e+00    0         1    450.42
   69      4.06e+01   1.00e+00   1.48e-04   5.55e+00    0         1    456.95
   70      4.06e+01   1.00e+00   1.70e-05   6.37e-01    0         1    463.44
Finished, because...
Error smaller than 1 ( 6.3652E-01 ).

Accumulated times:
Rhs time:       85.04 s
Jacobian time:  10.58 s
Solve time:    367.04 s
Total time:    463.44 s

contact        voltage     electron current    hole current  conduction current
 drain        3.125E+00       1.751E-05         1.149E-19        1.751E-05
 gate         2.000E+00       0.000E+00         0.000E+00        0.000E+00
 source       0.000E+00      -1.751E-05        -4.914E-15       -1.751E-05

Computing step from t=0.03125 to t=0.064 (Stepsize: 0.03275) :
Computing Coupled( 1 poisson-equation(s) , 1 electron-equation(s) , 
                   1 hole-equation(s) ) 
using Bank/Rose nonlinear solver.

Iteration   |Rhs|      factor     |step|     error   #inner  #iterative  time
------------------------------------------------------------------------------
    0      4.80e+06                                                      1.20
    1      4.80e+14   1.00e+00   6.11e+00   1.62e+11    0         1      7.84
    2      3.42e+11   1.00e+00   2.15e+00   1.80e+07    0         1     14.51
    3      4.79e+08   1.00e+00   1.80e+00   9.56e+04    0         1     21.02
    4      6.17e+06   1.00e+00   3.92e+00   3.18e+04    0         1     27.59
    5      2.69e+05   1.00e+00   9.56e-02   7.24e+02    0         1     34.24
    6      1.73e+04   1.00e+00   1.90e-02   3.09e+02    0         1     40.88
    7      3.16e+02   1.00e+00   1.57e-03   1.37e+01    0         1     47.51
    8      4.06e+01   1.00e+00   2.63e-04   6.38e+00    0         1     54.22
    9      4.06e+01   1.00e+00   2.52e-04   6.43e+00    0         1     60.89
   10      4.57e+02   1.00e+00   1.31e-03   3.36e+01    0         1     67.51
   11      9.72e+01   1.00e+00   6.04e-04   1.54e+01    0         1     74.25
   12      4.06e+01   1.00e+00   2.00e-04   5.11e+00    0         1     81.05
   13      1.27e+03   1.00e+00   2.19e-03   5.64e+01    0         1     87.71
   14      4.06e+01   1.00e+00   1.12e-05   1.46e-01    0         1     94.53
Finished, because...
Error smaller than 1 ( 1.4650E-01 ).

Accumulated times:
Rhs time:       18.27 s
Jacobian time:   2.15 s
Solve time:     73.95 s
Total time:     94.53 s

contact        voltage     electron current    hole current  conduction current
 drain        6.400E+00       2.311E-05         1.150E-19        2.311E-05
 gate         2.000E+00       0.000E+00         0.000E+00        0.000E+00
 source       0.000E+00      -2.311E-05        -5.660E-15       -2.311E-05

Computing step from t=0.064 to t=0.112994 (Stepsize: 0.048994) :
Computing Coupled( 1 poisson-equation(s) , 1 electron-equation(s) , 
                   1 hole-equation(s) ) 
using Bank/Rose nonlinear solver.

Iteration   |Rhs|      factor     |step|     error   #inner  #iterative  time
------------------------------------------------------------------------------
    0      1.71e+09                                                      1.22
    1      3.74e+17   1.00e+00   9.17e+00   1.76e+12    0         1      8.04
    2      3.74e+15   1.00e+00   5.64e+00   9.17e+10    0         1     14.66
    3      3.74e+13   1.00e+00   3.39e+00   6.31e+10    0         1     21.28
    4      3.17e+11   1.00e+00   4.33e+00   1.39e+10    0         1     27.97
    5      1.13e+08   1.00e+00   3.59e+00   1.70e+08    0         1     34.59
    6      4.98e+05   1.00e+00   2.13e+00   1.82e+04    0         1     41.15
    7      1.79e+06   1.00e+00   7.84e-01   5.07e+03    0         1     47.83
    8      3.33e+06   1.00e+00   1.58e-01   4.85e+03    0         1     54.44
    9      1.95e+05   1.00e+00   1.02e-01   7.92e+02    0         1     61.02
   10      4.43e+04   1.00e+00   1.78e-02   3.16e+02    0         1     67.60
   11      3.69e+05   1.00e+00   5.08e-02   1.09e+03    0         1     74.23
   12      5.10e+04   1.00e+00   1.77e-02   2.65e+02    0         1     80.91
   13      4.02e+04   1.00e+00   1.62e-02   3.07e+02    0         1     87.42
   14      6.40e+04   1.00e+00   2.05e-02   3.59e+02    0         1     94.04
   15      4.36e+04   1.00e+00   1.71e-02   3.04e+02    0         1    100.73
   16      4.08e+04   1.00e+00   1.65e-02   2.91e+02    0         1    107.30
   17      2.66e+04   1.00e+00   1.33e-02   2.45e+02    0         1    113.93
   18      1.97e+04   1.00e+00   1.14e-02   2.11e+02    0         1    120.64
   19      3.46e+04   1.00e+00   1.52e-02   2.88e+02    0         1    127.31
   20      2.14e+04   1.00e+00   1.18e-02   2.19e+02    0         1    133.86
   21      5.98e+04   1.00e+00   1.98e-02   3.88e+02    0         1    140.57
   22      3.14e+05   1.00e+00   4.48e-02   7.32e+02    0         1    147.26
   23      1.25e+04   1.00e+00   8.54e-03   1.13e+02    0         1    153.77
   24      1.10e+05   1.00e+00   2.71e-02   5.46e+02    0         1    160.29
   25      3.78e+06   1.00e+00   1.68e-01   1.08e+04    0         1    166.90
   26      1.63e+04   1.00e+00   3.27e-02   1.49e+03    0         1    173.46
   27      3.01e+02   1.00e+00   1.59e-03   5.65e+01    0         1    179.98
   28      1.51e+02   1.00e+00   9.37e-04   1.87e+01    0         1    186.65
   29      3.83e+03   1.00e+00   4.72e-03   9.24e+01    0         1    193.29
   30      5.41e+03   1.00e+00   5.62e-03   1.13e+02    0         1    199.74
   31      1.59e+04   1.00e+00   9.62e-03   1.86e+02    0         1    206.32
   32      1.69e+02   1.00e+00   1.03e-03   2.32e+01    0         1    212.94
   33      2.94e+02   1.00e+00   1.31e-03   2.61e+01    0         1    219.49
   34      3.22e+04   1.00e+00   1.37e-02   2.59e+02    0         1    226.09
   35      4.30e+01   1.00e+00   5.84e-04   1.70e+01    0         1    232.86
   36      4.06e+01   1.00e+00   1.52e-04   3.01e+00    0         1    239.66
   37      4.06e+01   1.00e+00   1.82e-04   3.59e+00    0         1    246.11
   38      7.14e+03   1.00e+00   6.50e-03   1.25e+02    0         1    252.71
   39      4.06e+01   1.00e+00   1.57e-04   4.33e+00    0         1    259.34
   40      4.06e+01   1.00e+00   2.29e-04   4.51e+00    0         1    265.88
   41      4.06e+01   1.00e+00   8.09e-05   1.59e+00    0         1    272.35
   42      4.06e+01   1.00e+00   1.60e-04   3.14e+00    0         1    278.94
   43      4.06e+01   1.00e+00   1.55e-04   3.04e+00    0         1    285.63
   44      4.06e+01   1.00e+00   8.90e-05   1.75e+00    0         1    292.15
   45      1.12e+03   1.00e+00   2.59e-03   5.03e+01    0         1    298.72
   46      4.06e+01   1.00e+00   3.41e-04   6.88e+00    0         1    305.31
   47      4.06e+01   1.00e+00   1.62e-04   3.17e+00    0         1    311.75
   48      4.06e+01   1.00e+00   2.06e-04   4.05e+00    0         1    318.20
   49      5.96e+01   1.00e+00   5.96e-04   1.17e+01    0         1    324.81
   50      4.06e+01   1.00e+00   2.70e-04   5.31e+00    0         1    331.47
   51      4.06e+01   1.00e+00   2.49e-04   4.88e+00    0         1    338.02
   52      4.06e+01   1.00e+00   1.90e-04   3.73e+00    0         1    344.65
   53      4.06e+01   1.00e+00   2.51e-04   4.93e+00    0         1    351.35
   54      1.40e+03   1.00e+00   2.89e-03   5.74e+01    0         1    357.90
   55      4.06e+01   1.00e+00   5.55e-06   3.27e-01    0         1    364.44
Finished, because...
Error smaller than 1 ( 3.2747E-01 ).

Accumulated times:
Rhs time:       66.88 s
Jacobian time:   8.48 s
Solve time:    288.41 s
Total time:    364.44 s

contact        voltage     electron current    hole current  conduction current
 drain        1.130E+01       2.852E-05         1.151E-19        2.852E-05
 gate         2.000E+00       0.000E+00         0.000E+00        0.000E+00
 source       0.000E+00      -2.852E-05        -5.873E-15       -2.852E-05

Computing step from t=0.112994 to t=0.170219 (Stepsize: 0.057225) :
Computing Coupled( 1 poisson-equation(s) , 1 electron-equation(s) , 
                   1 hole-equation(s) ) 
using Bank/Rose nonlinear solver.

Iteration   |Rhs|      factor     |step|     error   #inner  #iterative  time
------------------------------------------------------------------------------
    0      1.85e+08                                                      1.19
    1      3.39e+10   1.00e+00   1.12e+01   4.84e+09    0         1      7.86
    2      2.08e+08   1.00e+00   4.25e+00   3.62e+07    0         1     14.53
    3      1.48e+06   1.00e+00   2.61e+00   3.26e+06    0         1     21.11
    4      3.28e+05   1.00e+00   2.14e+00   8.55e+03    0         1     27.86
    5      1.35e+05   1.00e+00   3.28e+00   1.53e+03    0         1     34.50
    6      1.47e+03   1.00e+00   8.43e-02   4.27e+02    0         1     41.02
    7      4.59e+02   1.00e+00   3.43e-02   1.53e+01    0         1     47.56
    8      7.43e+02   1.00e+00   6.99e-03   4.05e+01    0         1     54.22
    9      4.06e+01   1.00e+00   8.44e-04   7.84e+00    0         1     60.79
   10      1.63e+03   1.00e+00   3.91e-03   6.10e+01    0         1     67.30
   11      4.06e+01   1.00e+00   1.30e-04   2.31e+00    0         1     73.94
   12      4.06e+01   1.00e+00   8.15e-05   1.26e+00    0         1     80.66
   13      4.06e+01   1.00e+00   5.29e-04   8.14e+00    0         1     87.19
   14      4.06e+01   1.00e+00   1.61e-04   2.49e+00    0         1     93.73
   15      8.75e+02   1.00e+00   2.86e-03   4.37e+01    0         1    100.39
   16      9.59e+01   1.00e+00   9.50e-04   1.47e+01    0         1    107.02
   17      4.06e+01   1.00e+00   4.87e-04   7.51e+00    0         1    113.52
   18      2.80e+02   1.00e+00   1.62e-03   2.51e+01    0         1    120.19
   19      4.06e+01   1.00e+00   2.44e-04   3.72e+00    0         1    126.86
   20      4.06e+01   1.00e+00   3.43e-04   5.28e+00    0         1    133.35
   21      4.06e+01   1.00e+00   3.13e-04   4.82e+00    0         1    139.86
   22      3.15e+02   1.00e+00   1.72e-03   2.66e+01    0         1    146.50
   23      4.06e+01   1.00e+00   2.33e-04   3.55e+00    0         1    153.14
   24      8.13e+01   1.00e+00   8.72e-04   1.34e+01    0         1    159.63
   25      4.06e+01   1.00e+00   4.11e-04   6.33e+00    0         1    166.24
   26      4.06e+01   1.00e+00   1.56e-04   2.40e+00    0         1    172.94
   27      6.33e+01   1.00e+00   7.70e-04   1.18e+01    0         1    179.46
   28      4.06e+01   1.00e+00   3.03e-04   4.66e+00    0         1    186.02
   29      4.06e+01   1.00e+00   3.47e-04   5.35e+00    0         1    192.69
   30      1.31e+02   1.00e+00   1.11e-03   1.70e+01    0         1    199.27
   31      4.06e+01   1.00e+00   3.16e-04   4.89e+00    0         1    205.74
   32      4.06e+01   1.00e+00   5.21e-04   8.03e+00    0         1    212.33
   33      4.06e+01   1.00e+00   1.35e-04   2.07e+00    0         1    219.02
   34      1.25e+03   1.00e+00   3.42e-03   5.32e+01    0         1    225.59
   35      4.06e+01   1.00e+00   1.28e-04   2.20e+00    0         1    232.11
   36      7.11e+02   1.00e+00   2.58e-03   4.01e+01    0         1    238.74
   37      4.06e+01   1.00e+00   7.76e-05   1.07e+00    0         1    245.38
   38      4.06e+01   1.00e+00   4.26e-04   6.57e+00    0         1    251.97
   39      4.06e+01   1.00e+00   1.48e-04   2.28e+00    0         1    258.58
   40      4.06e+01   1.00e+00   1.81e-04   2.79e+00    0         1    265.29
   41      4.06e+01   1.00e+00   4.11e-05   6.35e-01    0         1    271.97
Finished, because...
Error smaller than 1 ( 6.3540E-01 ).

Accumulated times:
Rhs time:       50.06 s
Jacobian time:   6.26 s
Solve time:    215.17 s
Total time:    271.97 s

contact        voltage     electron current    hole current  conduction current
 drain        1.702E+01       3.374E-05         1.154E-19        3.374E-05
 gate         2.000E+00       0.000E+00         0.000E+00        0.000E+00
 source       0.000E+00      -3.374E-05        -5.751E-15       -3.374E-05

Computing step from t=0.170219 to t=0.243467 (Stepsize: 0.073248) :
Computing Coupled( 1 poisson-equation(s) , 1 electron-equation(s) , 
                   1 hole-equation(s) ) 
using Bank/Rose nonlinear solver.

Iteration   |Rhs|      factor     |step|     error   #inner  #iterative  time
------------------------------------------------------------------------------
    0      6.76e+06                                                      1.18
    1      1.55e+09   1.00e+00   1.31e+01   7.95e+08    0         1      8.41
    2      2.79e+07   1.00e+00   4.12e+00   2.86e+07    0         1     15.03
    3      4.87e+06   1.00e+00   2.62e+00   2.00e+07    0         1     21.61
    4      2.90e+06   1.00e+00   1.64e+00   3.20e+04    0         1     28.07
    5      1.61e+06   1.00e+00   2.72e+00   3.73e+03    0         1     34.62
    6      2.62e+05   1.00e+00   5.35e-02   1.04e+03    0         1     41.27
    7      5.98e+04   1.00e+00   2.16e-02   1.84e+02    0         1     47.84
    8      7.12e+02   1.00e+00   6.09e-03   4.13e+01    0         1     54.37
    9      2.04e+02   1.00e+00   1.79e-03   2.09e+01    0         1     61.02
   10      9.17e+01   1.00e+00   1.10e-03   1.39e+01    0         1     67.65
   11      4.65e+02   1.00e+00   2.47e-03   3.12e+01    0         1     74.12
   12      5.20e+01   1.00e+00   8.29e-04   1.06e+01    0         1     80.65
   13      4.58e+02   1.00e+00   2.46e-03   3.09e+01    0         1     87.25
   14      3.00e+03   1.00e+00   6.29e-03   8.08e+01    0         1     93.90
   15      1.04e+02   1.00e+00   1.18e-03   1.54e+01    0         1    100.43
   16      5.23e+01   1.00e+00   8.30e-04   1.05e+01    0         1    107.07
   17      2.50e+02   1.00e+00   1.81e-03   2.31e+01    0         1    113.74
   18      1.57e+02   1.00e+00   1.44e-03   1.82e+01    0         1    120.23
   19      2.38e+03   1.00e+00   5.60e-03   7.00e+01    0         1    126.73
   20      1.90e+02   1.00e+00   1.59e-03   2.04e+01    0         1    133.32
   21      4.06e+01   1.00e+00   6.87e-04   8.70e+00    0         1    139.99
   22      4.80e+01   1.00e+00   7.96e-04   1.01e+01    0         1    146.46
   23      5.80e+01   1.00e+00   8.75e-04   1.11e+01    0         1    153.12
   24      4.06e+01   1.00e+00   7.06e-04   8.93e+00    0         1    159.83
   25      8.35e+02   1.00e+00   3.32e-03   4.23e+01    0         1    166.41
   26      3.44e+02   1.00e+00   2.13e-03   2.70e+01    0         1    172.93
   27      2.47e+02   1.00e+00   1.80e-03   2.29e+01    0         1    179.58
   28      4.34e+02   1.00e+00   2.39e-03   3.01e+01    0         1    186.30
   29      1.65e+02   1.00e+00   1.48e-03   1.87e+01    0         1    192.85
   30      1.28e+02   1.00e+00   1.30e-03   1.65e+01    0         1    199.51
   31      2.17e+02   1.00e+00   1.69e-03   2.14e+01    0         1    206.23
   32      1.99e+02   1.00e+00   1.62e-03   2.05e+01    0         1    212.81
   33      4.06e+01   1.00e+00   6.52e-04   8.27e+00    0         1    219.34
   34      1.54e+02   1.00e+00   1.42e-03   1.80e+01    0         1    226.00
   35      2.68e+02   1.00e+00   1.88e-03   2.39e+01    0         1    232.71
   36      1.04e+02   1.00e+00   1.17e-03   1.48e+01    0         1    239.26
   37      5.45e+02   1.00e+00   2.68e-03   3.41e+01    0         1    245.86
   38      1.30e+03   1.00e+00   4.14e-03   5.28e+01    0         1    252.63
   39      2.70e+02   1.00e+00   1.88e-03   2.37e+01    0         1    259.23
   40      1.20e+03   1.00e+00   3.97e-03   4.99e+01    0         1    265.78
   41      2.31e+05   1.00e+00   5.53e-02   8.22e+02    0         1    272.40
   42      1.63e+03   1.00e+00   5.24e-03   1.15e+02    0         1    279.10
   43      1.55e+04   1.00e+00   1.41e-02   1.76e+02    0         1    285.68
   44      5.62e+03   1.00e+00   8.54e-03   1.10e+02    0         1    292.28
   45      1.54e+03   1.00e+00   4.48e-03   5.77e+01    0         1    298.95
   46      5.05e+02   1.00e+00   2.56e-03   3.26e+01    0         1    305.57
   47      1.51e+05   1.00e+00   4.44e-02   6.44e+02    0         1    312.12
   48      1.21e+04   1.00e+00   1.28e-02   1.90e+02    0         1    318.73
   49      5.70e+03   1.00e+00   8.55e-03   1.11e+02    0         1    325.43
   50      1.60e+04   1.00e+00   1.43e-02   1.79e+02    0         1    331.97
   51      5.49e+04   1.00e+00   2.66e-02   3.23e+02    0         1    338.53
   52      1.87e+04   1.00e+00   1.58e-02   2.02e+02    0         1    345.22
   53      4.06e+01   1.00e+00   3.07e-04   1.91e+00    0         1    351.92
   54      3.76e+02   1.00e+00   2.23e-03   2.80e+01    0         1    358.45
   55      3.91e+02   1.00e+00   2.27e-03   2.86e+01    0         1    365.05
   56      4.06e+01   1.00e+00   5.31e-04   6.65e+00    0         1    371.74
   57      5.89e+02   1.00e+00   2.79e-03   3.55e+01    0         1    378.34
   58      8.16e+04   1.00e+00   3.28e-02   3.83e+02    0         1    384.90
   59      6.81e+01   1.00e+00   8.05e-04   8.32e+00    0         1    391.57
   60      1.32e+05   1.00e+00   4.20e-02   4.77e+02    0         1    398.28
   61      6.65e+02   1.00e+00   3.37e-03   6.28e+01    0         1    404.84
   62      5.33e+05   1.00e+00   8.53e-02   8.76e+02    0         1    411.48
   63      1.38e+04   1.00e+00   1.29e-02   8.76e+01    0         1    418.19
   64      3.56e+06   1.00e+00   2.32e-01   9.19e+03    0         1    424.79
   65      1.88e+04   1.00e+00   3.13e-02   1.35e+03    0         1    431.33
   66      7.98e+03   1.00e+00   1.02e-02   1.50e+02    0         1    438.00
   67      1.90e+03   1.00e+00   4.91e-03   6.27e+01    0         1    444.70
   68      1.30e+04   1.00e+00   1.29e-02   1.72e+02    0         1    451.26
   69      1.47e+04   1.00e+00   1.37e-02   1.74e+02    0         1    457.95
   70      6.90e+04   1.00e+00   2.97e-02   3.59e+02    0         1    464.57
   71      1.29e+02   1.00e+00   1.48e-03   3.08e+01    0         1    471.16
   72      7.56e+02   1.00e+00   3.14e-03   4.03e+01    0         1    477.63
   73      1.17e+03   1.00e+00   3.89e-03   4.94e+01    0         1    484.24
   74      2.72e+02   1.00e+00   1.89e-03   2.42e+01    0         1    490.91
   75      5.75e+02   1.00e+00   2.74e-03   3.51e+01    0         1    497.39
   76      9.45e+02   1.00e+00   3.51e-03   4.45e+01    0         1    504.04
   77      7.48e+04   1.00e+00   3.13e-02   4.34e+02    0         1    510.70
   78      3.05e+03   1.00e+00   6.45e-03   9.59e+01    0         1    517.31
   79      8.11e+03   1.00e+00   1.02e-02   1.34e+02    0         1    523.79
   80      1.50e+03   1.00e+00   4.41e-03   5.77e+01    0         1    530.38
   81      8.70e+03   1.00e+00   1.06e-02   1.33e+02    0         1    537.01
   82      5.94e+03   1.00e+00   8.74e-03   1.13e+02    0         1    543.52
   83      2.90e+04   1.00e+00   1.93e-02   2.60e+02    0         1    550.19
   84      2.22e+03   1.00e+00   5.38e-03   7.42e+01    0         1    556.89
   85      1.01e+03   1.00e+00   3.60e-03   4.66e+01    0         1    563.60
   86      1.09e+04   1.00e+00   1.18e-02   1.48e+02    0         1    570.13
   87      1.00e+05   1.00e+00   3.59e-02   5.09e+02    0         1    576.80
   88      1.79e+05   1.00e+00   4.76e-02   5.70e+02    0         1    583.38
   89      9.26e+03   1.00e+00   1.14e-02   1.71e+02    0         1    589.83
   90      2.08e+02   1.00e+00   1.62e-03   1.88e+01    0         1    596.24
   91      1.77e+03   1.00e+00   4.80e-03   6.20e+01    0         1    602.91
   92      1.06e+06   1.00e+00   1.18e-01   2.27e+03    0         1    609.64
   93      7.01e+03   1.00e+00   1.26e-02   4.13e+02    0         1    616.16
   94      5.85e+05   1.00e+00   8.41e-02   9.26e+02    0         1    622.75
   95      7.59e+03   1.00e+00   8.61e-03   4.98e+01    0         1    629.41
   96      1.38e+03   1.00e+00   4.21e-03   5.45e+01    0         1    635.92
   97      1.72e+03   1.00e+00   4.68e-03   6.11e+01    0         1    642.34
   98      1.46e+03   1.00e+00   4.32e-03   5.56e+01    0         1    648.95
   99      1.53e+04   1.00e+00   1.40e-02   1.74e+02    0         1    655.68
  100      7.82e+02   1.00e+00   3.21e-03   4.36e+01    0         1    662.15
  101      3.23e+03   1.00e+00   6.45e-03   8.17e+01    0         1    668.65
Finished, because...
#iterations larger than 100.

Accumulated times:
Rhs time:      121.32 s
Jacobian time:  15.49 s
Solve time:    530.67 s
Total time:    668.65 s

Newton didn't converge, trying again with smaller step...

Computing step from t=0.170219 to t=0.206843 (Stepsize: 0.036624) :
Computing Coupled( 1 poisson-equation(s) , 1 electron-equation(s) , 
                   1 hole-equation(s) ) 
using Bank/Rose nonlinear solver.

Iteration   |Rhs|      factor     |step|     error   #inner  #iterative  time
------------------------------------------------------------------------------
    0      6.55e+05                                                      1.19
    1      1.02e+08   1.00e+00   5.77e+00   4.96e+06    0         1      7.79
    2      4.19e+06   1.00e+00   1.91e+00   6.62e+06    0         1     14.29
    3      1.61e+06   1.00e+00   2.23e+00   1.87e+04    0         1     20.74
    4      6.25e+05   1.00e+00   3.06e+00   2.75e+03    0         1     27.31
    5      3.40e+04   1.00e+00   5.04e-02   6.42e+02    0         1     34.03
    6      3.80e+02   1.00e+00   1.26e-02   8.08e+01    0         1     40.61
    7      4.06e+01   1.00e+00   3.04e-03   8.50e+00    0         1     47.12
    8      1.80e+03   1.00e+00   4.67e-03   6.33e+01    0         1     53.70
    9      4.06e+01   1.00e+00   6.56e-05   3.98e-01    0         1     60.26
Finished, because...
Error smaller than 1 ( 3.9848E-01 ).

Accumulated times:
Rhs time:       11.83 s
Jacobian time:   1.36 s
Solve time:     46.96 s
Total time:     60.26 s

contact        voltage     electron current    hole current  conduction current
 drain        2.068E+01       3.672E-05         1.155E-19        3.672E-05
 gate         2.000E+00       0.000E+00         0.000E+00        0.000E+00
 source       0.000E+00      -3.672E-05        -5.573E-15       -3.672E-05

Computing step from t=0.206843 to t=0.263097 (Stepsize: 0.0562545) :
Computing Coupled( 1 poisson-equation(s) , 1 electron-equation(s) , 
                   1 hole-equation(s) ) 
using Bank/Rose nonlinear solver.

Iteration   |Rhs|      factor     |step|     error   #inner  #iterative  time
------------------------------------------------------------------------------
    0      2.05e+06                                                      1.16
    1      1.08e+08   1.00e+00   7.15e+00   6.46e+06    0         1      7.61
    2      1.61e+07   1.00e+00   2.57e+00   3.77e+06    0         1     14.15
    3      6.33e+06   1.00e+00   2.55e+00   2.64e+04    0         1     20.77
    4      2.76e+06   1.00e+00   3.39e+00   3.48e+03    0         1     27.25
    5      7.49e+05   1.00e+00   6.27e-02   1.68e+03    0         1     33.79
    6      4.22e+04   1.00e+00   9.51e-02   3.78e+02    0         1     40.36
    7      2.50e+04   1.00e+00   9.79e-02   3.71e+01    0         1     46.86
    8      1.94e+02   1.00e+00   1.29e-02   1.84e+01    0         1     53.27
    9      4.06e+01   1.00e+00   3.99e-03   8.88e+00    0         1     59.80
   10      1.18e+02   1.00e+00   2.96e-03   1.57e+01    0         1     66.40
   11      4.06e+01   1.00e+00   2.44e-03   2.42e+00    0         1     72.92
   12      4.06e+01   1.00e+00   1.18e-03   7.60e+00    0         1     79.39
   13      4.06e+01   1.00e+00   3.52e-04   3.80e+00    0         1     85.98
   14      1.47e+02   1.00e+00   1.43e-03   1.74e+01    0         1     92.58
   15      4.06e+01   1.00e+00   4.27e-04   5.24e+00    0         1     99.02
   16      4.06e+01   1.00e+00   4.76e-04   5.82e+00    0         1    105.55
   17      7.56e+02   1.00e+00   3.24e-03   3.93e+01    0         1    112.14
   18      2.05e+02   1.00e+00   1.69e-03   2.06e+01    0         1    118.69
   19      7.19e+02   1.00e+00   3.16e-03   3.89e+01    0         1    125.20
   20      4.06e+01   1.00e+00   3.64e-04   4.58e+00    0         1    131.76
   21      4.06e+01   1.00e+00   5.66e-04   6.93e+00    0         1    138.37
   22      1.87e+03   1.00e+00   5.10e-03   6.32e+01    0         1    144.87
   23      4.06e+01   1.00e+00   6.71e-04   7.90e+00    0         1    151.42
   24      4.06e+01   1.00e+00   1.28e-04   1.56e+00    0         1    158.06
   25      4.06e+01   1.00e+00   4.31e-04   5.29e+00    0         1    164.69
   26      4.06e+01   1.00e+00   2.09e-04   2.56e+00    0         1    171.26
   27      4.06e+01   1.00e+00   7.44e-05   9.13e-01    0         1    177.92
Finished, because...
Error smaller than 1 ( 9.1280E-01 ).

Accumulated times:
Rhs time:       33.04 s
Jacobian time:   4.09 s
Solve time:    140.50 s
Total time:    177.92 s

contact        voltage     electron current    hole current  conduction current
 drain        2.631E+01       4.085E-05         1.159E-19        4.085E-05
 gate         2.000E+00       0.000E+00         0.000E+00        0.000E+00
 source       0.000E+00      -4.085E-05        -5.223E-15       -4.085E-05

Computing step from t=0.263097 to t=0.341404 (Stepsize: 0.0783062) :
Computing Coupled( 1 poisson-equation(s) , 1 electron-equation(s) , 
                   1 hole-equation(s) ) 
using Bank/Rose nonlinear solver.

Iteration   |Rhs|      factor     |step|     error   #inner  #iterative  time
------------------------------------------------------------------------------
    0      4.41e+06                                                      1.18
    1      2.78e+08   1.00e+00   8.34e+00   3.15e+06    0         1      7.84
    2      4.39e+07   1.00e+00   2.29e+00   1.25e+04    0         1     14.29
    3      1.12e+07   1.00e+00   3.47e+00   2.85e+03    0         1     20.82
    4      4.90e+06   1.00e+00   1.39e-01   9.61e+02    0         1     27.48
    5      1.21e+06   1.00e+00   1.45e-02   6.54e+02    0         1     34.13
    6      6.54e+04   1.00e+00   2.23e-03   8.89e+01    0         1     40.65
    7      2.87e+02   1.00e+00   1.08e-04   2.37e+00    0         1     47.36
    8      4.06e+01   1.00e+00   4.48e-05   5.25e-01    0         1     54.04
Finished, because...
Error smaller than 1 ( 5.2543E-01 ).

Accumulated times:
Rhs time:       10.70 s
Jacobian time:   1.21 s
Solve time:     42.04 s
Total time:     54.04 s

contact        voltage     electron current    hole current  conduction current
 drain        3.414E+01       4.623E-05         1.163E-19        4.623E-05
 gate         2.000E+00       0.000E+00         0.000E+00        0.000E+00
 source       0.000E+00      -4.623E-05        -4.679E-15       -4.623E-05

Computing step from t=0.341404 to t=0.462308 (Stepsize: 0.120905) :
Computing Coupled( 1 poisson-equation(s) , 1 electron-equation(s) , 
                   1 hole-equation(s) ) 
using Bank/Rose nonlinear solver.

Iteration   |Rhs|      factor     |step|     error   #inner  #iterative  time
------------------------------------------------------------------------------
    0      7.65e+06                                                      1.18
    1      9.86e+08   1.00e+00   6.09e+00   2.09e+09    0         1      7.67
    2      7.05e+07   1.00e+00   2.35e+00   2.82e+05    0         1     14.21
    3      3.45e+07   1.00e+00   2.23e+00   4.58e+03    0         1     20.85
    4      6.53e+06   1.00e+00   5.32e+00   1.56e+03    0         1     27.49
    5      2.24e+06   1.00e+00   5.73e-02   6.50e+02    0         1     34.01
    6      1.62e+05   1.00e+00   2.70e-02   8.86e+01    0         1     40.69
    7      4.05e+04   1.00e+00   4.33e-02   5.68e+01    0         1     47.36
    8      3.06e+03   1.00e+00   2.02e-02   8.13e+01    0         1     53.87
    9      5.32e+03   1.00e+00   4.30e-02   9.93e+01    0         1     60.36
   10      2.93e+04   1.00e+00   5.11e-02   2.34e+02    0         1     66.99
   11      2.08e+03   1.00e+00   1.56e-02   5.83e+01    0         1     73.64
   12      2.39e+03   1.00e+00   6.36e-03   6.83e+01    0         1     80.12
   13      2.18e+02   1.00e+00   1.87e-03   2.08e+01    0         1     86.73
   14      5.54e+01   1.00e+00   9.23e-04   1.03e+01    0         1     93.45
   15      7.98e+02   1.00e+00   3.50e-03   3.94e+01    0         1     99.99
   16      5.78e+02   1.00e+00   2.98e-03   3.34e+01    0         1    106.48
   17      4.03e+02   1.00e+00   2.49e-03   2.77e+01    0         1    113.13
   18      2.38e+02   1.00e+00   1.91e-03   2.14e+01    0         1    119.83
   19      1.78e+02   1.00e+00   1.65e-03   1.84e+01    0         1    126.34
   20      4.06e+01   1.00e+00   6.30e-04   7.02e+00    0         1    132.93
   21      1.35e+03   1.00e+00   4.55e-03   5.03e+01    0         1    139.59
   22      8.07e+01   1.00e+00   1.12e-03   1.27e+01    0         1    146.18
   23      8.44e+01   1.00e+00   1.14e-03   1.27e+01    0         1    152.68
   24      1.14e+02   1.00e+00   1.33e-03   1.48e+01    0         1    159.28
   25      6.00e+01   1.00e+00   9.61e-04   1.07e+01    0         1    165.95
   26      2.39e+02   1.00e+00   1.92e-03   2.15e+01    0         1    172.46
   27      3.96e+05   1.00e+00   7.84e-02   1.08e+03    0         1    179.02
   28      4.61e+02   1.00e+00   2.24e-03   7.59e+01    0         1    185.67
   29      2.67e+03   1.00e+00   6.27e-03   7.11e+01    0         1    192.30
   30      5.10e+03   1.00e+00   8.68e-03   1.01e+02    0         1    198.75
   31      2.88e+03   1.00e+00   6.50e-03   7.51e+01    0         1    205.28
   32      3.45e+03   1.00e+00   7.11e-03   8.12e+01    0         1    211.88
   33      8.21e+02   1.00e+00   3.47e-03   3.97e+01    0         1    218.35
   34      8.68e+06   1.00e+00   3.54e-01   2.39e+03    0         1    224.78
   35      1.44e+05   1.00e+00   4.22e-02   1.04e+03    0         1    231.33
   36      3.37e+04   1.00e+00   2.46e-02   2.82e+02    0         1    237.92
   37      2.36e+04   1.00e+00   2.05e-02   2.09e+02    0         1    244.40
   38      3.85e+06   1.00e+00   2.69e-01   1.01e+04    0         1    250.92
   39      5.67e+04   1.00e+00   4.87e-02   1.46e+03    0         1    257.51
   40      6.61e+03   1.00e+00   1.01e-02   8.03e+01    0         1    264.09
   41      1.17e+05   1.00e+00   4.33e-02   5.23e+02    0         1    270.52
   42      1.22e+02   1.00e+00   1.68e-03   4.06e+01    0         1    277.08
   43      1.31e+03   1.00e+00   4.53e-03   4.95e+01    0         1    283.68
   44      8.36e+03   1.00e+00   1.14e-02   1.29e+02    0         1    290.12
   45      4.31e+02   1.00e+00   2.61e-03   3.02e+01    0         1    296.61
   46      1.09e+03   1.00e+00   4.12e-03   4.59e+01    0         1    303.19
   47      2.03e+02   1.00e+00   1.78e-03   1.96e+01    0         1    309.75
   48      6.42e+02   1.00e+00   3.16e-03   3.48e+01    0         1    316.15
   49      3.39e+02   1.00e+00   2.30e-03   2.54e+01    0         1    322.67
   50      9.12e+03   1.00e+00   1.19e-02   1.36e+02    0         1    329.27
   51      1.79e+02   1.00e+00   1.69e-03   2.02e+01    0         1    335.70
   52      1.11e+03   1.00e+00   4.14e-03   4.64e+01    0         1    342.19
   53      1.13e+02   1.00e+00   1.32e-03   1.45e+01    0         1    348.81
   54      2.12e+02   1.00e+00   1.81e-03   2.02e+01    0         1    355.46
   55      8.87e+01   1.00e+00   1.17e-03   1.30e+01    0         1    361.91
   56      1.09e+02   1.00e+00   1.30e-03   1.45e+01    0         1    368.43
   57      1.72e+02   1.00e+00   1.63e-03   1.82e+01    0         1    375.00
   58      7.93e+01   1.00e+00   1.11e-03   1.23e+01    0         1    381.49
   59      2.41e+02   1.00e+00   1.93e-03   2.14e+01    0         1    387.91
   60      7.98e+01   1.00e+00   1.11e-03   1.24e+01    0         1    394.58
   61      1.65e+02   1.00e+00   1.59e-03   1.78e+01    0         1    401.18
   62      3.83e+03   1.00e+00   7.68e-03   8.41e+01    0         1    407.64
   63      1.00e+03   1.00e+00   3.93e-03   4.35e+01    0         1    414.13
   64      2.47e+03   1.00e+00   6.18e-03   6.95e+01    0         1    420.72
   65      1.99e+03   1.00e+00   5.53e-03   6.20e+01    0         1    427.24
   66      4.06e+01   1.00e+00   5.00e-04   5.26e+00    0         1    433.65
   67      6.27e+01   1.00e+00   9.81e-04   1.10e+01    0         1    440.22
   68      4.98e+01   1.00e+00   8.74e-04   9.76e+00    0         1    446.85
   69      4.06e+01   1.00e+00   7.08e-04   7.90e+00    0         1    453.37
   70      7.39e+01   1.00e+00   1.07e-03   1.19e+01    0         1    459.80
   71      2.79e+02   1.00e+00   2.07e-03   2.32e+01    0         1    466.35
   72      1.38e+04   1.00e+00   1.45e-02   1.68e+02    0         1    472.92
   73      4.06e+01   1.00e+00   2.35e-04   5.11e+00    0         1    479.31
   74      4.06e+01   1.00e+00   8.50e-05   9.54e-01    0         1    485.82
Finished, because...
Error smaller than 1 ( 9.5421E-01 ).

Accumulated times:
Rhs time:       88.68 s
Jacobian time:  11.24 s
Solve time:    385.08 s
Total time:    485.82 s

contact        voltage     electron current    hole current  conduction current
 drain        4.623E+01       5.436E-05         1.170E-19        5.436E-05
 gate         2.000E+00       0.000E+00         0.000E+00        0.000E+00
 source       0.000E+00      -5.436E-05        -4.044E-15       -5.436E-05

Computing step from t=0.462308 to t=0.585148 (Stepsize: 0.122839) :
Computing Coupled( 1 poisson-equation(s) , 1 electron-equation(s) , 
                   1 hole-equation(s) ) 
using Bank/Rose nonlinear solver.

Iteration   |Rhs|      factor     |step|     error   #inner  #iterative  time
------------------------------------------------------------------------------
    0      8.33e+06                                                      1.17
    1      1.40e+09   1.00e+00   3.78e+00   1.30e+06    0         1      7.82
    2      1.08e+08   1.00e+00   2.36e+00   3.08e+04    0         1     14.32
    3      1.38e+07   1.00e+00   4.26e+00   1.91e+03    0         1     20.76
    4      5.47e+06   1.00e+00   2.88e-01   6.73e+02    0         1     27.34
    5      4.17e+05   1.00e+00   1.53e-02   4.19e+02    0         1     33.88
    6      4.18e+03   1.00e+00   3.55e-03   3.87e+01    0         1     40.31
    7      4.06e+01   1.00e+00   5.34e-04   3.25e+00    0         1     46.81
    8      4.06e+01   1.00e+00   1.94e-04   1.97e+00    0         1     53.42
    9      4.06e+01   1.00e+00   4.75e-04   5.15e+00    0         1     60.04
   10      4.06e+01   1.00e+00   5.23e-04   5.66e+00    0         1     66.52
   11      4.06e+01   1.00e+00   1.62e-04   1.76e+00    0         1     73.11
   12      4.06e+01   1.00e+00   3.82e-04   4.14e+00    0         1     79.68
   13      4.06e+01   1.00e+00   1.26e-04   1.36e+00    0         1     86.15
   14      1.09e+02   1.00e+00   1.31e-03   1.41e+01    0         1     92.57
   15      4.06e+01   1.00e+00   8.60e-05   9.49e-01    0         1     99.16
Finished, because...
Error smaller than 1 ( 9.4923E-01 ).

Accumulated times:
Rhs time:       18.82 s
Jacobian time:   2.26 s
Solve time:     77.90 s
Total time:     99.16 s

contact        voltage     electron current    hole current  conduction current
 drain        5.851E+01       6.263E-05         1.176E-19        6.263E-05
 gate         2.000E+00       0.000E+00         0.000E+00        0.000E+00
 source       0.000E+00      -6.263E-05        -3.627E-15       -6.263E-05

Computing step from t=0.585148 to t=0.767932 (Stepsize: 0.182785) :
Computing Coupled( 1 poisson-equation(s) , 1 electron-equation(s) , 
                   1 hole-equation(s) ) 
using Bank/Rose nonlinear solver.

Iteration   |Rhs|      factor     |step|     error   #inner  #iterative  time
------------------------------------------------------------------------------
    0      1.49e+07                                                      1.17
    1      4.65e+09   1.00e+00   3.80e+00   3.94e+08    0         1      7.78
    2      1.86e+08   1.00e+00   2.42e+00   3.05e+05    0         1     14.22
    3      1.39e+07   1.00e+00   4.34e+00   5.49e+03    0         1     20.77
    4      5.83e+06   1.00e+00   2.90e+00   7.02e+02    0         1     27.33
    5      3.10e+05   1.00e+00   5.56e-02   3.81e+02    0         1     33.78
    6      1.28e+05   1.00e+00   3.08e-02   1.74e+01    0         1     40.19
    7      4.62e+02   1.00e+00   7.15e-03   7.26e+00    0         1     46.75
    8      4.06e+01   1.00e+00   8.79e-04   2.98e-01    0         1     53.38
Finished, because...
Error smaller than 1 ( 2.9754E-01 ).

Accumulated times:
Rhs time:       10.58 s
Jacobian time:   1.19 s
Solve time:     41.51 s
Total time:     53.38 s

contact        voltage     electron current    hole current  conduction current
 drain        7.679E+01       7.505E-05         1.184E-19        7.505E-05
 gate         2.000E+00       0.000E+00         0.000E+00        0.000E+00
 source       0.000E+00      -7.505E-05        -3.258E-15       -7.505E-05

Computing step from t=0.767932 to t=1 (Stepsize: 0.232068) :
Computing Coupled( 1 poisson-equation(s) , 1 electron-equation(s) , 
                   1 hole-equation(s) ) 
using Bank/Rose nonlinear solver.

Iteration   |Rhs|      factor     |step|     error   #inner  #iterative  time
------------------------------------------------------------------------------
    0      1.85e+07                                                      1.19
    1      1.03e+10   1.00e+00   3.91e+00   2.02e+08    0         1      7.70
    2      2.70e+08   1.00e+00   2.43e+00   1.09e+06    0         1     14.27
    3      2.02e+07   1.00e+00   4.38e+00   1.78e+04    0         1     20.87
    4      3.57e+06   1.00e+00   3.04e+00   6.96e+03    0         1     27.25
    5      8.98e+04   1.00e+00   6.80e-02   2.64e+02    0         1     33.69
    6      1.97e+04   1.00e+00   4.43e-02   7.10e+00    0         1     40.23
    7      4.06e+01   1.00e+00   1.06e-02   1.26e+00    0         1     46.84
    8      4.06e+01   1.00e+00   1.26e-03   8.25e-02    0         1     53.37
Finished, because...
Error smaller than 1 ( 8.2538E-02 ).

Accumulated times:
Rhs time:       10.62 s
Jacobian time:   1.17 s
Solve time:     41.48 s
Total time:     53.37 s

contact        voltage     electron current    hole current  conduction current
 drain        1.000E+02       9.103E-05         1.192E-19        9.103E-05
 gate         2.000E+00       0.000E+00         0.000E+00        0.000E+00
 source       0.000E+00      -9.103E-05        -2.996E-15       -9.103E-05


Finished, because of...
Curve trace finished.

Writing plot 'n5_des.tdr' (TDR format) ... done.

Thu Jun 11 01:08:36 2020: checked in 1 sdevice license(s)

******************************************************************************
Sentaurus Device process size: 1173 megabytes
Sentaurus Device simulation times:
  wallclock: 3845.75 s (1 h:04 m:05 s)
  total cpu: 3836.19 s (1 h:03 m:56 s)
Sentaurus Device simulation finished (Date: Thu Jun 11 01:08:36 2020  (CEST)).
********************************* Good Bye ! *********************************
